2023-05-23 13:27:51,801 [Worker-1: Loading available Gradle versions] INFO  o.e.b.c.i.u.g.PublishedGradleVersions - Gradle version information cache is up-to-date. Trying to read.
2023-05-23 13:31:17,130 [Worker-19: Import Getting Started Content] INFO  o.e.m.c.i.l.LifecycleMappingFactory - Using org.eclipse.m2e.jdt.JarLifecycleMapping lifecycle mapping for MavenProject: com.example:capstone-test:0.0.1-SNAPSHOT @ C:\Users\cloud\OneDrive\Desktop\Epicode corso\CapstoneProject\epicode_capstone_project\backend2\capstone-test\pom.xml.
2023-05-23 13:31:18,085 [Worker-19: Import Getting Started Content] INFO  o.e.m.j.i.AbstractJavaProjectConfigurator - Adding source folder /capstone-test/src/main/java
2023-05-23 13:31:18,085 [Worker-19: Import Getting Started Content] INFO  o.e.m.j.i.AbstractJavaProjectConfigurator - Adding resource folder /capstone-test/src/main/resources
2023-05-23 13:31:18,089 [Worker-19: Import Getting Started Content] INFO  o.e.m.j.i.AbstractJavaProjectConfigurator - Adding resource folder /capstone-test/src/main/resources
2023-05-23 13:31:18,093 [Worker-19: Import Getting Started Content] INFO  o.e.m.j.i.AbstractJavaProjectConfigurator - Adding source folder /capstone-test/src/test/java
2023-05-23 13:31:19,299 [Worker-19: Import Getting Started Content] INFO  o.e.m.c.i.p.ProjectConfigurationManager - Imported and configured 1 project(s) in 3 sec
2023-05-23 13:31:19,307 [Worker-19: Import Getting Started Content] INFO  o.e.m.c.i.p.ProjectConfigurationManager - Update started
2023-05-23 13:31:19,519 [Worker-19: Import Getting Started Content] INFO  o.e.m.c.i.l.LifecycleMappingFactory - Using org.eclipse.m2e.jdt.JarLifecycleMapping lifecycle mapping for MavenProject: com.example:capstone-test:0.0.1-SNAPSHOT @ C:\Users\cloud\OneDrive\Desktop\Epicode corso\CapstoneProject\epicode_capstone_project\backend2\capstone-test\pom.xml.
2023-05-23 13:31:19,862 [Worker-19: Import Getting Started Content] INFO  o.e.m.j.i.AbstractJavaProjectConfigurator - Adding source folder /capstone-test/src/main/java
2023-05-23 13:31:19,862 [Worker-19: Import Getting Started Content] INFO  o.e.m.j.i.AbstractJavaProjectConfigurator - Adding resource folder /capstone-test/src/main/resources
2023-05-23 13:31:19,862 [Worker-19: Import Getting Started Content] INFO  o.e.m.j.i.AbstractJavaProjectConfigurator - Adding resource folder /capstone-test/src/main/resources
2023-05-23 13:31:19,863 [Worker-19: Import Getting Started Content] INFO  o.e.m.j.i.AbstractJavaProjectConfigurator - Adding source folder /capstone-test/src/test/java
2023-05-23 13:31:20,453 [Worker-19: Import Getting Started Content] INFO  o.e.m.c.i.p.ProjectConfigurationManager - Update completed for 1 poms: local refresh takes 0,00 sec, refresh facades takes 0,00 sec, update config takes 0,00 sec 
2023-05-23 13:31:43,932 [Worker-42: Building] INFO  o.e.m.c.i.l.LifecycleMappingFactory - Using org.eclipse.m2e.jdt.JarLifecycleMapping lifecycle mapping for MavenProject: com.example:capstone-test:0.0.1-SNAPSHOT @ C:\Users\cloud\OneDrive\Desktop\Epicode corso\CapstoneProject\epicode_capstone_project\backend2\capstone-test\pom.xml.
2023-05-23 13:31:44,270 [Worker-42: Building] INFO  o.a.m.s.f.DefaultMavenResourcesFiltering - Copying 0 resource from src\main\resources to target\classes
2023-05-23 13:31:44,271 [Worker-42: Building] INFO  o.a.m.s.f.DefaultMavenResourcesFiltering - Copying 0 resource from src\main\resources to target\classes
2023-05-23 13:31:44,273 [Worker-42: Building] INFO  o.a.m.s.f.DefaultMavenResourcesFiltering - skip non existing resourceDirectory C:\Users\cloud\OneDrive\Desktop\Epicode corso\CapstoneProject\epicode_capstone_project\backend2\capstone-test\src\test\resources
2023-05-23 13:31:45,541 [Worker-40: Building] INFO  o.a.m.s.f.DefaultMavenResourcesFiltering - Copying 1 resource from src\main\resources to target\classes
2023-05-23 13:31:45,559 [Worker-40: Building] INFO  o.a.m.s.f.DefaultMavenResourcesFiltering - Copying 0 resource from src\main\resources to target\classes
2023-05-23 13:31:45,562 [Worker-40: Building] INFO  o.a.m.s.f.DefaultMavenResourcesFiltering - skip non existing resourceDirectory C:\Users\cloud\OneDrive\Desktop\Epicode corso\CapstoneProject\epicode_capstone_project\backend2\capstone-test\src\test\resources
2023-05-23 13:32:49,474 [Worker-41: Building] INFO  o.a.m.s.f.DefaultMavenResourcesFiltering - Copying 0 resource from src\main\resources to target\classes
2023-05-23 13:32:49,474 [Worker-41: Building] INFO  o.a.m.s.f.DefaultMavenResourcesFiltering - Copying 0 resource from src\main\resources to target\classes
2023-05-23 13:32:49,476 [Worker-41: Building] INFO  o.a.m.s.f.DefaultMavenResourcesFiltering - skip non existing resourceDirectory C:\Users\cloud\OneDrive\Desktop\Epicode corso\CapstoneProject\epicode_capstone_project\backend2\capstone-test\src\test\resources
2023-05-23 13:33:34,405 [Worker-40: Building] INFO  o.a.m.s.f.DefaultMavenResourcesFiltering - Copying 1 resource from src\main\resources to target\classes
2023-05-23 13:33:34,410 [Worker-40: Building] INFO  o.a.m.s.f.DefaultMavenResourcesFiltering - Copying 0 resource from src\main\resources to target\classes
2023-05-23 13:33:34,412 [Worker-40: Building] INFO  o.a.m.s.f.DefaultMavenResourcesFiltering - skip non existing resourceDirectory C:\Users\cloud\OneDrive\Desktop\Epicode corso\CapstoneProject\epicode_capstone_project\backend2\capstone-test\src\test\resources
2023-05-23 13:35:40,865 [Worker-42: Building] INFO  o.a.m.s.f.DefaultMavenResourcesFiltering - Copying 1 resource from src\main\resources to target\classes
2023-05-23 13:35:40,871 [Worker-42: Building] INFO  o.a.m.s.f.DefaultMavenResourcesFiltering - Copying 0 resource from src\main\resources to target\classes
2023-05-23 13:35:40,874 [Worker-42: Building] INFO  o.a.m.s.f.DefaultMavenResourcesFiltering - skip non existing resourceDirectory C:\Users\cloud\OneDrive\Desktop\Epicode corso\CapstoneProject\epicode_capstone_project\backend2\capstone-test\src\test\resources
2023-05-23 13:39:24,256 [Worker-38: Building] INFO  o.a.m.s.f.DefaultMavenResourcesFiltering - Copying 1 resource from src\main\resources to target\classes
2023-05-23 13:39:24,261 [Worker-38: Building] INFO  o.a.m.s.f.DefaultMavenResourcesFiltering - Copying 0 resource from src\main\resources to target\classes
2023-05-23 13:39:24,265 [Worker-38: Building] INFO  o.a.m.s.f.DefaultMavenResourcesFiltering - skip non existing resourceDirectory C:\Users\cloud\OneDrive\Desktop\Epicode corso\CapstoneProject\epicode_capstone_project\backend2\capstone-test\src\test\resources
2023-05-23 13:41:53,767 [Worker-47: Building] INFO  o.a.m.s.f.DefaultMavenResourcesFiltering - Copying 1 resource from src\main\resources to target\classes
2023-05-23 13:41:53,772 [Worker-47: Building] INFO  o.a.m.s.f.DefaultMavenResourcesFiltering - Copying 0 resource from src\main\resources to target\classes
2023-05-23 13:41:53,774 [Worker-47: Building] INFO  o.a.m.s.f.DefaultMavenResourcesFiltering - skip non existing resourceDirectory C:\Users\cloud\OneDrive\Desktop\Epicode corso\CapstoneProject\epicode_capstone_project\backend2\capstone-test\src\test\resources
2023-05-23 16:34:17,638 [Worker-7: Loading available Gradle versions] INFO  o.e.b.c.i.u.g.PublishedGradleVersions - Gradle version information cache is up-to-date. Trying to read.
2023-05-23 16:34:23,346 [Worker-11: Building] INFO  o.a.m.s.f.DefaultMavenResourcesFiltering - Copying 1 resource from src\main\resources to target\classes
2023-05-23 16:34:23,387 [Worker-11: Building] INFO  o.a.m.s.f.DefaultMavenResourcesFiltering - Copying 0 resource from src\main\resources to target\classes
2023-05-23 16:34:23,394 [Worker-11: Building] INFO  o.a.m.s.f.DefaultMavenResourcesFiltering - skip non existing resourceDirectory C:\Users\cloud\OneDrive\Desktop\Epicode corso\CapstoneProject\epicode_capstone_project\backend2\capstone-test\src\test\resources
2023-05-23 16:34:26,436 [Worker-14: Building] INFO  o.e.m.c.i.l.LifecycleMappingFactory - Using org.eclipse.m2e.jdt.JarLifecycleMapping lifecycle mapping for MavenProject: com.example:capstone-test:0.0.1-SNAPSHOT @ C:\Users\cloud\OneDrive\Desktop\Epicode corso\CapstoneProject\epicode_capstone_project\backend2\capstone-test\pom.xml.
2023-05-23 16:34:26,867 [Worker-14: Building] INFO  o.a.m.s.f.DefaultMavenResourcesFiltering - Copying 0 resource from src\main\resources to target\classes
2023-05-23 16:34:26,867 [Worker-14: Building] INFO  o.a.m.s.f.DefaultMavenResourcesFiltering - Copying 0 resource from src\main\resources to target\classes
2023-05-23 16:34:26,871 [Worker-14: Building] INFO  o.a.m.s.f.DefaultMavenResourcesFiltering - skip non existing resourceDirectory C:\Users\cloud\OneDrive\Desktop\Epicode corso\CapstoneProject\epicode_capstone_project\backend2\capstone-test\src\test\resources
2023-05-23 16:34:28,926 [Worker-39: Building] INFO  o.a.m.s.f.DefaultMavenResourcesFiltering - Copying 0 resource from src\main\resources to target\classes
2023-05-23 16:34:28,926 [Worker-39: Building] INFO  o.a.m.s.f.DefaultMavenResourcesFiltering - Copying 0 resource from src\main\resources to target\classes
2023-05-23 16:34:28,930 [Worker-39: Building] INFO  o.a.m.s.f.DefaultMavenResourcesFiltering - skip non existing resourceDirectory C:\Users\cloud\OneDrive\Desktop\Epicode corso\CapstoneProject\epicode_capstone_project\backend2\capstone-test\src\test\resources
2023-05-24 06:19:12,182 [Worker-1: Loading available Gradle versions] INFO  o.e.b.c.i.u.g.PublishedGradleVersions - Gradle version information cache is up-to-date. Trying to read.
2023-05-24 10:38:49,382 [Worker-6: Loading available Gradle versions] INFO  o.e.b.c.i.u.g.PublishedGradleVersions - Gradle version information cache is out-of-date. Trying to update.
2023-05-25 09:43:32,839 [Worker-4: Loading available Gradle versions] INFO  o.e.b.c.i.u.g.PublishedGradleVersions - Gradle version information cache is up-to-date. Trying to read.
2023-05-26 09:25:14,863 [Worker-4: Loading available Gradle versions] INFO  o.e.b.c.i.u.g.PublishedGradleVersions - Gradle version information cache is out-of-date. Trying to update.
2023-05-26 10:42:45,704 [Worker-42: Building] INFO  o.a.m.s.f.DefaultMavenResourcesFiltering - Copying 1 resource from src\main\resources to target\classes
2023-05-26 10:42:45,775 [Worker-42: Building] INFO  o.a.m.s.f.DefaultMavenResourcesFiltering - Copying 0 resource from src\main\resources to target\classes
2023-05-26 10:42:45,780 [Worker-42: Building] INFO  o.a.m.s.f.DefaultMavenResourcesFiltering - skip non existing resourceDirectory C:\Users\cloud\OneDrive\Desktop\Epicode corso\CapstoneProject\epicode_capstone_project\backend2\capstone-test\src\test\resources
2023-05-26 10:43:03,502 [Worker-27: Building] INFO  o.a.m.s.f.DefaultMavenResourcesFiltering - Copying 1 resource from src\main\resources to target\classes
2023-05-26 10:43:03,505 [Worker-27: Building] INFO  o.a.m.s.f.DefaultMavenResourcesFiltering - Copying 0 resource from src\main\resources to target\classes
2023-05-26 10:43:03,508 [Worker-27: Building] INFO  o.a.m.s.f.DefaultMavenResourcesFiltering - skip non existing resourceDirectory C:\Users\cloud\OneDrive\Desktop\Epicode corso\CapstoneProject\epicode_capstone_project\backend2\capstone-test\src\test\resources
2023-05-26 10:51:32,781 [Worker-46: Building] INFO  o.a.m.s.f.DefaultMavenResourcesFiltering - Copying 1 resource from src\main\resources to target\classes
2023-05-26 10:51:32,785 [Worker-46: Building] INFO  o.a.m.s.f.DefaultMavenResourcesFiltering - Copying 0 resource from src\main\resources to target\classes
2023-05-26 10:51:32,788 [Worker-46: Building] INFO  o.a.m.s.f.DefaultMavenResourcesFiltering - skip non existing resourceDirectory C:\Users\cloud\OneDrive\Desktop\Epicode corso\CapstoneProject\epicode_capstone_project\backend2\capstone-test\src\test\resources
2023-05-26 10:53:32,228 [Worker-48: Building] INFO  o.a.m.s.f.DefaultMavenResourcesFiltering - Copying 1 resource from src\main\resources to target\classes
2023-05-26 10:53:32,231 [Worker-48: Building] INFO  o.a.m.s.f.DefaultMavenResourcesFiltering - Copying 0 resource from src\main\resources to target\classes
2023-05-26 10:53:32,234 [Worker-48: Building] INFO  o.a.m.s.f.DefaultMavenResourcesFiltering - skip non existing resourceDirectory C:\Users\cloud\OneDrive\Desktop\Epicode corso\CapstoneProject\epicode_capstone_project\backend2\capstone-test\src\test\resources
2023-05-26 10:55:39,796 [Worker-27: Building] INFO  o.a.m.s.f.DefaultMavenResourcesFiltering - Copying 1 resource from src\main\resources to target\classes
2023-05-26 10:55:39,800 [Worker-27: Building] INFO  o.a.m.s.f.DefaultMavenResourcesFiltering - Copying 0 resource from src\main\resources to target\classes
2023-05-26 10:55:39,802 [Worker-27: Building] INFO  o.a.m.s.f.DefaultMavenResourcesFiltering - skip non existing resourceDirectory C:\Users\cloud\OneDrive\Desktop\Epicode corso\CapstoneProject\epicode_capstone_project\backend2\capstone-test\src\test\resources
2023-05-26 10:57:55,779 [Worker-45: Building] INFO  o.a.m.s.f.DefaultMavenResourcesFiltering - Copying 1 resource from src\main\resources to target\classes
2023-05-26 10:57:55,781 [Worker-45: Building] INFO  o.a.m.s.f.DefaultMavenResourcesFiltering - Copying 0 resource from src\main\resources to target\classes
2023-05-26 10:57:55,783 [Worker-45: Building] INFO  o.a.m.s.f.DefaultMavenResourcesFiltering - skip non existing resourceDirectory C:\Users\cloud\OneDrive\Desktop\Epicode corso\CapstoneProject\epicode_capstone_project\backend2\capstone-test\src\test\resources
2023-05-26 10:59:52,160 [Worker-27: Building] INFO  o.a.m.s.f.DefaultMavenResourcesFiltering - Copying 1 resource from src\main\resources to target\classes
2023-05-26 10:59:52,163 [Worker-27: Building] INFO  o.a.m.s.f.DefaultMavenResourcesFiltering - Copying 0 resource from src\main\resources to target\classes
2023-05-26 10:59:52,164 [Worker-27: Building] INFO  o.a.m.s.f.DefaultMavenResourcesFiltering - skip non existing resourceDirectory C:\Users\cloud\OneDrive\Desktop\Epicode corso\CapstoneProject\epicode_capstone_project\backend2\capstone-test\src\test\resources
2023-05-26 10:59:54,937 [Worker-47: Building] INFO  o.a.m.s.f.DefaultMavenResourcesFiltering - Copying 1 resource from src\main\resources to target\classes
2023-05-26 10:59:54,958 [Worker-47: Building] INFO  o.a.m.s.f.DefaultMavenResourcesFiltering - Copying 0 resource from src\main\resources to target\classes
2023-05-26 10:59:54,964 [Worker-47: Building] INFO  o.a.m.s.f.DefaultMavenResourcesFiltering - skip non existing resourceDirectory C:\Users\cloud\OneDrive\Desktop\Epicode corso\CapstoneProject\epicode_capstone_project\backend2\capstone-test\src\test\resources
2023-05-26 11:00:59,487 [Worker-46: Building] INFO  o.a.m.s.f.DefaultMavenResourcesFiltering - Copying 1 resource from src\main\resources to target\classes
2023-05-26 11:00:59,491 [Worker-46: Building] INFO  o.a.m.s.f.DefaultMavenResourcesFiltering - Copying 0 resource from src\main\resources to target\classes
2023-05-26 11:00:59,493 [Worker-46: Building] INFO  o.a.m.s.f.DefaultMavenResourcesFiltering - skip non existing resourceDirectory C:\Users\cloud\OneDrive\Desktop\Epicode corso\CapstoneProject\epicode_capstone_project\backend2\capstone-test\src\test\resources
2023-05-26 11:01:06,212 [Worker-48: Building] INFO  o.a.m.s.f.DefaultMavenResourcesFiltering - Copying 1 resource from src\main\resources to target\classes
2023-05-26 11:01:06,215 [Worker-48: Building] INFO  o.a.m.s.f.DefaultMavenResourcesFiltering - Copying 0 resource from src\main\resources to target\classes
2023-05-26 11:01:06,216 [Worker-48: Building] INFO  o.a.m.s.f.DefaultMavenResourcesFiltering - skip non existing resourceDirectory C:\Users\cloud\OneDrive\Desktop\Epicode corso\CapstoneProject\epicode_capstone_project\backend2\capstone-test\src\test\resources
2023-05-26 11:01:27,738 [Worker-48: Building] INFO  o.a.m.s.f.DefaultMavenResourcesFiltering - Copying 1 resource from src\main\resources to target\classes
2023-05-26 11:01:27,740 [Worker-48: Building] INFO  o.a.m.s.f.DefaultMavenResourcesFiltering - Copying 0 resource from src\main\resources to target\classes
2023-05-26 11:01:27,743 [Worker-48: Building] INFO  o.a.m.s.f.DefaultMavenResourcesFiltering - skip non existing resourceDirectory C:\Users\cloud\OneDrive\Desktop\Epicode corso\CapstoneProject\epicode_capstone_project\backend2\capstone-test\src\test\resources
2023-05-26 11:04:49,694 [Worker-50: Building] INFO  o.a.m.s.f.DefaultMavenResourcesFiltering - Copying 1 resource from src\main\resources to target\classes
2023-05-26 11:04:49,697 [Worker-50: Building] INFO  o.a.m.s.f.DefaultMavenResourcesFiltering - Copying 0 resource from src\main\resources to target\classes
2023-05-26 11:04:49,700 [Worker-50: Building] INFO  o.a.m.s.f.DefaultMavenResourcesFiltering - skip non existing resourceDirectory C:\Users\cloud\OneDrive\Desktop\Epicode corso\CapstoneProject\epicode_capstone_project\backend2\capstone-test\src\test\resources
2023-05-26 11:06:16,160 [Worker-51: Building] INFO  o.a.m.s.f.DefaultMavenResourcesFiltering - Copying 1 resource from src\main\resources to target\classes
2023-05-26 11:06:16,165 [Worker-51: Building] INFO  o.a.m.s.f.DefaultMavenResourcesFiltering - Copying 0 resource from src\main\resources to target\classes
2023-05-26 11:06:16,167 [Worker-51: Building] INFO  o.a.m.s.f.DefaultMavenResourcesFiltering - skip non existing resourceDirectory C:\Users\cloud\OneDrive\Desktop\Epicode corso\CapstoneProject\epicode_capstone_project\backend2\capstone-test\src\test\resources
2023-05-26 11:11:52,973 [Worker-55: Building] INFO  o.a.m.s.f.DefaultMavenResourcesFiltering - Copying 1 resource from src\main\resources to target\classes
2023-05-26 11:11:52,978 [Worker-55: Building] INFO  o.a.m.s.f.DefaultMavenResourcesFiltering - Copying 0 resource from src\main\resources to target\classes
2023-05-26 11:11:52,979 [Worker-55: Building] INFO  o.a.m.s.f.DefaultMavenResourcesFiltering - skip non existing resourceDirectory C:\Users\cloud\OneDrive\Desktop\Epicode corso\CapstoneProject\epicode_capstone_project\backend2\capstone-test\src\test\resources
2023-05-26 11:13:11,533 [Worker-54: Building] INFO  o.a.m.s.f.DefaultMavenResourcesFiltering - Copying 1 resource from src\main\resources to target\classes
2023-05-26 11:13:11,547 [Worker-54: Building] INFO  o.a.m.s.f.DefaultMavenResourcesFiltering - Copying 0 resource from src\main\resources to target\classes
2023-05-26 11:13:11,549 [Worker-54: Building] INFO  o.a.m.s.f.DefaultMavenResourcesFiltering - skip non existing resourceDirectory C:\Users\cloud\OneDrive\Desktop\Epicode corso\CapstoneProject\epicode_capstone_project\backend2\capstone-test\src\test\resources
2023-05-26 11:14:46,662 [Worker-53: Building] INFO  o.a.m.s.f.DefaultMavenResourcesFiltering - Copying 1 resource from src\main\resources to target\classes
2023-05-26 11:14:46,666 [Worker-53: Building] INFO  o.a.m.s.f.DefaultMavenResourcesFiltering - Copying 0 resource from src\main\resources to target\classes
2023-05-26 11:14:46,670 [Worker-53: Building] INFO  o.a.m.s.f.DefaultMavenResourcesFiltering - skip non existing resourceDirectory C:\Users\cloud\OneDrive\Desktop\Epicode corso\CapstoneProject\epicode_capstone_project\backend2\capstone-test\src\test\resources
2023-05-26 11:18:15,915 [Worker-64: Building] INFO  o.a.m.s.f.DefaultMavenResourcesFiltering - Copying 1 resource from src\main\resources to target\classes
2023-05-26 11:18:15,920 [Worker-64: Building] INFO  o.a.m.s.f.DefaultMavenResourcesFiltering - Copying 0 resource from src\main\resources to target\classes
2023-05-26 11:18:15,922 [Worker-64: Building] INFO  o.a.m.s.f.DefaultMavenResourcesFiltering - skip non existing resourceDirectory C:\Users\cloud\OneDrive\Desktop\Epicode corso\CapstoneProject\epicode_capstone_project\backend2\capstone-test\src\test\resources
2023-05-26 11:26:40,175 [Worker-60: Building] INFO  o.a.m.s.f.DefaultMavenResourcesFiltering - Copying 1 resource from src\main\resources to target\classes
2023-05-26 11:26:40,179 [Worker-60: Building] INFO  o.a.m.s.f.DefaultMavenResourcesFiltering - Copying 0 resource from src\main\resources to target\classes
2023-05-26 11:26:40,180 [Worker-60: Building] INFO  o.a.m.s.f.DefaultMavenResourcesFiltering - skip non existing resourceDirectory C:\Users\cloud\OneDrive\Desktop\Epicode corso\CapstoneProject\epicode_capstone_project\backend2\capstone-test\src\test\resources
2023-05-26 11:30:35,231 [Worker-70: Building] INFO  o.a.m.s.f.DefaultMavenResourcesFiltering - Copying 1 resource from src\main\resources to target\classes
2023-05-26 11:30:35,234 [Worker-70: Building] INFO  o.a.m.s.f.DefaultMavenResourcesFiltering - Copying 0 resource from src\main\resources to target\classes
2023-05-26 11:30:35,237 [Worker-70: Building] INFO  o.a.m.s.f.DefaultMavenResourcesFiltering - skip non existing resourceDirectory C:\Users\cloud\OneDrive\Desktop\Epicode corso\CapstoneProject\epicode_capstone_project\backend2\capstone-test\src\test\resources
2023-05-26 11:33:42,908 [Worker-70: Building] INFO  o.a.m.s.f.DefaultMavenResourcesFiltering - Copying 1 resource from src\main\resources to target\classes
2023-05-26 11:33:42,910 [Worker-70: Building] INFO  o.a.m.s.f.DefaultMavenResourcesFiltering - Copying 0 resource from src\main\resources to target\classes
2023-05-26 11:33:42,912 [Worker-70: Building] INFO  o.a.m.s.f.DefaultMavenResourcesFiltering - skip non existing resourceDirectory C:\Users\cloud\OneDrive\Desktop\Epicode corso\CapstoneProject\epicode_capstone_project\backend2\capstone-test\src\test\resources
2023-05-26 11:34:18,691 [Worker-74: Building] INFO  o.a.m.s.f.DefaultMavenResourcesFiltering - Copying 1 resource from src\main\resources to target\classes
2023-05-26 11:34:18,694 [Worker-74: Building] INFO  o.a.m.s.f.DefaultMavenResourcesFiltering - Copying 0 resource from src\main\resources to target\classes
2023-05-26 11:34:18,695 [Worker-74: Building] INFO  o.a.m.s.f.DefaultMavenResourcesFiltering - skip non existing resourceDirectory C:\Users\cloud\OneDrive\Desktop\Epicode corso\CapstoneProject\epicode_capstone_project\backend2\capstone-test\src\test\resources
2023-05-26 11:38:44,922 [Worker-77: Building] INFO  o.a.m.s.f.DefaultMavenResourcesFiltering - Copying 1 resource from src\main\resources to target\classes
2023-05-26 11:38:44,925 [Worker-77: Building] INFO  o.a.m.s.f.DefaultMavenResourcesFiltering - Copying 0 resource from src\main\resources to target\classes
2023-05-26 11:38:44,926 [Worker-77: Building] INFO  o.a.m.s.f.DefaultMavenResourcesFiltering - skip non existing resourceDirectory C:\Users\cloud\OneDrive\Desktop\Epicode corso\CapstoneProject\epicode_capstone_project\backend2\capstone-test\src\test\resources
2023-05-26 11:39:16,058 [Worker-75: Building] INFO  o.a.m.s.f.DefaultMavenResourcesFiltering - Copying 1 resource from src\main\resources to target\classes
2023-05-26 11:39:16,061 [Worker-75: Building] INFO  o.a.m.s.f.DefaultMavenResourcesFiltering - Copying 0 resource from src\main\resources to target\classes
2023-05-26 11:39:16,062 [Worker-75: Building] INFO  o.a.m.s.f.DefaultMavenResourcesFiltering - skip non existing resourceDirectory C:\Users\cloud\OneDrive\Desktop\Epicode corso\CapstoneProject\epicode_capstone_project\backend2\capstone-test\src\test\resources
2023-05-26 11:41:04,934 [Worker-75: Building] INFO  o.a.m.s.f.DefaultMavenResourcesFiltering - Copying 1 resource from src\main\resources to target\classes
2023-05-26 11:41:04,939 [Worker-75: Building] INFO  o.a.m.s.f.DefaultMavenResourcesFiltering - Copying 0 resource from src\main\resources to target\classes
2023-05-26 11:41:04,941 [Worker-75: Building] INFO  o.a.m.s.f.DefaultMavenResourcesFiltering - skip non existing resourceDirectory C:\Users\cloud\OneDrive\Desktop\Epicode corso\CapstoneProject\epicode_capstone_project\backend2\capstone-test\src\test\resources
2023-05-26 11:42:34,913 [Worker-75: Building] INFO  o.a.m.s.f.DefaultMavenResourcesFiltering - Copying 1 resource from src\main\resources to target\classes
2023-05-26 11:42:34,917 [Worker-75: Building] INFO  o.a.m.s.f.DefaultMavenResourcesFiltering - Copying 0 resource from src\main\resources to target\classes
2023-05-26 11:42:34,919 [Worker-75: Building] INFO  o.a.m.s.f.DefaultMavenResourcesFiltering - skip non existing resourceDirectory C:\Users\cloud\OneDrive\Desktop\Epicode corso\CapstoneProject\epicode_capstone_project\backend2\capstone-test\src\test\resources
2023-05-26 11:42:46,347 [Worker-69: Building] INFO  o.a.m.s.f.DefaultMavenResourcesFiltering - Copying 1 resource from src\main\resources to target\classes
2023-05-26 11:42:46,349 [Worker-69: Building] INFO  o.a.m.s.f.DefaultMavenResourcesFiltering - Copying 0 resource from src\main\resources to target\classes
2023-05-26 11:42:46,351 [Worker-69: Building] INFO  o.a.m.s.f.DefaultMavenResourcesFiltering - skip non existing resourceDirectory C:\Users\cloud\OneDrive\Desktop\Epicode corso\CapstoneProject\epicode_capstone_project\backend2\capstone-test\src\test\resources
2023-05-26 11:44:43,975 [Worker-69: Building] INFO  o.a.m.s.f.DefaultMavenResourcesFiltering - Copying 1 resource from src\main\resources to target\classes
2023-05-26 11:44:43,978 [Worker-69: Building] INFO  o.a.m.s.f.DefaultMavenResourcesFiltering - Copying 0 resource from src\main\resources to target\classes
2023-05-26 11:44:43,979 [Worker-69: Building] INFO  o.a.m.s.f.DefaultMavenResourcesFiltering - skip non existing resourceDirectory C:\Users\cloud\OneDrive\Desktop\Epicode corso\CapstoneProject\epicode_capstone_project\backend2\capstone-test\src\test\resources
2023-05-26 11:48:52,870 [Worker-74: Building] INFO  o.a.m.s.f.DefaultMavenResourcesFiltering - Copying 1 resource from src\main\resources to target\classes
2023-05-26 11:48:52,874 [Worker-74: Building] INFO  o.a.m.s.f.DefaultMavenResourcesFiltering - Copying 0 resource from src\main\resources to target\classes
2023-05-26 11:48:52,876 [Worker-74: Building] INFO  o.a.m.s.f.DefaultMavenResourcesFiltering - skip non existing resourceDirectory C:\Users\cloud\OneDrive\Desktop\Epicode corso\CapstoneProject\epicode_capstone_project\backend2\capstone-test\src\test\resources
2023-05-26 11:51:00,743 [Worker-81: Building] INFO  o.a.m.s.f.DefaultMavenResourcesFiltering - Copying 1 resource from src\main\resources to target\classes
2023-05-26 11:51:00,745 [Worker-81: Building] INFO  o.a.m.s.f.DefaultMavenResourcesFiltering - Copying 0 resource from src\main\resources to target\classes
2023-05-26 11:51:00,747 [Worker-81: Building] INFO  o.a.m.s.f.DefaultMavenResourcesFiltering - skip non existing resourceDirectory C:\Users\cloud\OneDrive\Desktop\Epicode corso\CapstoneProject\epicode_capstone_project\backend2\capstone-test\src\test\resources
2023-05-26 12:00:24,894 [Worker-67: Building] INFO  o.a.m.s.f.DefaultMavenResourcesFiltering - Copying 1 resource from src\main\resources to target\classes
2023-05-26 12:00:24,898 [Worker-67: Building] INFO  o.a.m.s.f.DefaultMavenResourcesFiltering - Copying 0 resource from src\main\resources to target\classes
2023-05-26 12:00:24,900 [Worker-67: Building] INFO  o.a.m.s.f.DefaultMavenResourcesFiltering - skip non existing resourceDirectory C:\Users\cloud\OneDrive\Desktop\Epicode corso\CapstoneProject\epicode_capstone_project\backend2\capstone-test\src\test\resources
2023-05-26 12:02:22,903 [Worker-84: Building] INFO  o.a.m.s.f.DefaultMavenResourcesFiltering - Copying 1 resource from src\main\resources to target\classes
2023-05-26 12:02:22,906 [Worker-84: Building] INFO  o.a.m.s.f.DefaultMavenResourcesFiltering - Copying 0 resource from src\main\resources to target\classes
2023-05-26 12:02:22,907 [Worker-84: Building] INFO  o.a.m.s.f.DefaultMavenResourcesFiltering - skip non existing resourceDirectory C:\Users\cloud\OneDrive\Desktop\Epicode corso\CapstoneProject\epicode_capstone_project\backend2\capstone-test\src\test\resources
2023-05-26 12:03:44,591 [Worker-83: Launching capstone-test - Application] INFO  o.a.m.s.f.DefaultMavenResourcesFiltering - Copying 1 resource from src\main\resources to target\classes
2023-05-26 12:03:44,595 [Worker-83: Launching capstone-test - Application] INFO  o.a.m.s.f.DefaultMavenResourcesFiltering - Copying 0 resource from src\main\resources to target\classes
2023-05-26 12:03:44,598 [Worker-83: Launching capstone-test - Application] INFO  o.a.m.s.f.DefaultMavenResourcesFiltering - skip non existing resourceDirectory C:\Users\cloud\OneDrive\Desktop\Epicode corso\CapstoneProject\epicode_capstone_project\backend2\capstone-test\src\test\resources
2023-05-26 12:04:52,802 [Worker-77: Launching capstone-test - Application] INFO  o.a.m.s.f.DefaultMavenResourcesFiltering - Copying 1 resource from src\main\resources to target\classes
2023-05-26 12:04:52,805 [Worker-77: Launching capstone-test - Application] INFO  o.a.m.s.f.DefaultMavenResourcesFiltering - Copying 0 resource from src\main\resources to target\classes
2023-05-26 12:04:52,808 [Worker-77: Launching capstone-test - Application] INFO  o.a.m.s.f.DefaultMavenResourcesFiltering - skip non existing resourceDirectory C:\Users\cloud\OneDrive\Desktop\Epicode corso\CapstoneProject\epicode_capstone_project\backend2\capstone-test\src\test\resources
2023-05-26 12:05:25,888 [Worker-77: Building] INFO  o.a.m.s.f.DefaultMavenResourcesFiltering - Copying 1 resource from src\main\resources to target\classes
2023-05-26 12:05:25,891 [Worker-77: Building] INFO  o.a.m.s.f.DefaultMavenResourcesFiltering - Copying 0 resource from src\main\resources to target\classes
2023-05-26 12:05:25,893 [Worker-77: Building] INFO  o.a.m.s.f.DefaultMavenResourcesFiltering - skip non existing resourceDirectory C:\Users\cloud\OneDrive\Desktop\Epicode corso\CapstoneProject\epicode_capstone_project\backend2\capstone-test\src\test\resources
2023-05-26 12:08:14,153 [Worker-85: Building] INFO  o.a.m.s.f.DefaultMavenResourcesFiltering - Copying 1 resource from src\main\resources to target\classes
2023-05-26 12:08:14,155 [Worker-85: Building] INFO  o.a.m.s.f.DefaultMavenResourcesFiltering - Copying 0 resource from src\main\resources to target\classes
2023-05-26 12:08:14,157 [Worker-85: Building] INFO  o.a.m.s.f.DefaultMavenResourcesFiltering - skip non existing resourceDirectory C:\Users\cloud\OneDrive\Desktop\Epicode corso\CapstoneProject\epicode_capstone_project\backend2\capstone-test\src\test\resources
2023-05-26 12:10:38,712 [Worker-77: Launching capstone-test - Application] INFO  o.a.m.s.f.DefaultMavenResourcesFiltering - Copying 1 resource from src\main\resources to target\classes
2023-05-26 12:10:38,716 [Worker-77: Launching capstone-test - Application] INFO  o.a.m.s.f.DefaultMavenResourcesFiltering - Copying 0 resource from src\main\resources to target\classes
2023-05-26 12:10:38,719 [Worker-77: Launching capstone-test - Application] INFO  o.a.m.s.f.DefaultMavenResourcesFiltering - skip non existing resourceDirectory C:\Users\cloud\OneDrive\Desktop\Epicode corso\CapstoneProject\epicode_capstone_project\backend2\capstone-test\src\test\resources
2023-05-26 12:27:48,310 [Worker-91: Building] INFO  o.a.m.s.f.DefaultMavenResourcesFiltering - Copying 1 resource from src\main\resources to target\classes
2023-05-26 12:27:48,313 [Worker-91: Building] INFO  o.a.m.s.f.DefaultMavenResourcesFiltering - Copying 0 resource from src\main\resources to target\classes
2023-05-26 12:27:48,315 [Worker-91: Building] INFO  o.a.m.s.f.DefaultMavenResourcesFiltering - skip non existing resourceDirectory C:\Users\cloud\OneDrive\Desktop\Epicode corso\CapstoneProject\epicode_capstone_project\backend2\capstone-test\src\test\resources
2023-05-26 12:31:45,532 [Worker-77: Building] INFO  o.a.m.s.f.DefaultMavenResourcesFiltering - Copying 1 resource from src\main\resources to target\classes
2023-05-26 12:31:45,534 [Worker-77: Building] INFO  o.a.m.s.f.DefaultMavenResourcesFiltering - Copying 0 resource from src\main\resources to target\classes
2023-05-26 12:31:45,536 [Worker-77: Building] INFO  o.a.m.s.f.DefaultMavenResourcesFiltering - skip non existing resourceDirectory C:\Users\cloud\OneDrive\Desktop\Epicode corso\CapstoneProject\epicode_capstone_project\backend2\capstone-test\src\test\resources
2023-05-26 14:41:18,711 [Worker-97: Building] INFO  o.a.m.s.f.DefaultMavenResourcesFiltering - Copying 1 resource from src\main\resources to target\classes
2023-05-26 14:41:18,744 [Worker-97: Building] INFO  o.a.m.s.f.DefaultMavenResourcesFiltering - Copying 0 resource from src\main\resources to target\classes
2023-05-26 14:41:18,746 [Worker-97: Building] INFO  o.a.m.s.f.DefaultMavenResourcesFiltering - skip non existing resourceDirectory C:\Users\cloud\OneDrive\Desktop\Epicode corso\CapstoneProject\epicode_capstone_project\backend2\capstone-test\src\test\resources
2023-05-26 14:43:05,960 [Worker-96: Launching capstone-test - Application] INFO  o.a.m.s.f.DefaultMavenResourcesFiltering - Copying 1 resource from src\main\resources to target\classes
2023-05-26 14:43:05,965 [Worker-96: Launching capstone-test - Application] INFO  o.a.m.s.f.DefaultMavenResourcesFiltering - Copying 0 resource from src\main\resources to target\classes
2023-05-26 14:43:05,968 [Worker-96: Launching capstone-test - Application] INFO  o.a.m.s.f.DefaultMavenResourcesFiltering - skip non existing resourceDirectory C:\Users\cloud\OneDrive\Desktop\Epicode corso\CapstoneProject\epicode_capstone_project\backend2\capstone-test\src\test\resources
2023-05-26 14:48:10,638 [Worker-108: Building] INFO  o.a.m.s.f.DefaultMavenResourcesFiltering - Copying 1 resource from src\main\resources to target\classes
2023-05-26 14:48:10,642 [Worker-108: Building] INFO  o.a.m.s.f.DefaultMavenResourcesFiltering - Copying 0 resource from src\main\resources to target\classes
2023-05-26 14:48:10,644 [Worker-108: Building] INFO  o.a.m.s.f.DefaultMavenResourcesFiltering - skip non existing resourceDirectory C:\Users\cloud\OneDrive\Desktop\Epicode corso\CapstoneProject\epicode_capstone_project\backend2\capstone-test\src\test\resources
2023-05-27 11:30:55,495 [Worker-7: Loading available Gradle versions] INFO  o.e.b.c.i.u.g.PublishedGradleVersions - Gradle version information cache is out-of-date. Trying to update.
2023-05-28 10:21:05,772 [Worker-7: Loading available Gradle versions] INFO  o.e.b.c.i.u.g.PublishedGradleVersions - Gradle version information cache is up-to-date. Trying to read.
2023-05-28 17:14:39,036 [Worker-4: Loading available Gradle versions] INFO  o.e.b.c.i.u.g.PublishedGradleVersions - Gradle version information cache is out-of-date. Trying to update.
2023-05-28 17:52:36,512 [Worker-4: Loading available Gradle versions] INFO  o.e.b.c.i.u.g.PublishedGradleVersions - Gradle version information cache is up-to-date. Trying to read.
2023-05-29 14:02:03,501 [Worker-4: Loading available Gradle versions] INFO  o.e.b.c.i.u.g.PublishedGradleVersions - Gradle version information cache is up-to-date. Trying to read.
2023-05-30 15:45:46,891 [Worker-6: Loading available Gradle versions] INFO  o.e.b.c.i.u.g.PublishedGradleVersions - Gradle version information cache is out-of-date. Trying to update.
2023-05-31 06:54:06,988 [Worker-8: Loading available Gradle versions] INFO  o.e.b.c.i.u.g.PublishedGradleVersions - Gradle version information cache is up-to-date. Trying to read.
2023-05-31 06:58:34,371 [Worker-11: Building] INFO  o.a.m.s.f.DefaultMavenResourcesFiltering - Copying 1 resource from src\main\resources to target\classes
2023-05-31 06:58:34,387 [Worker-11: Building] INFO  o.a.m.s.f.DefaultMavenResourcesFiltering - Copying 0 resource from src\main\resources to target\classes
2023-05-31 06:58:34,391 [Worker-11: Building] INFO  o.a.m.s.f.DefaultMavenResourcesFiltering - skip non existing resourceDirectory C:\Users\cloud\OneDrive\Desktop\Epicode corso\CapstoneProject\epicode_capstone_project\backend2\capstone-test\src\test\resources
2023-05-31 07:23:09,143 [Worker-41: Building] INFO  o.a.m.s.f.DefaultMavenResourcesFiltering - Copying 1 resource from src\main\resources to target\classes
2023-05-31 07:23:09,157 [Worker-41: Building] INFO  o.a.m.s.f.DefaultMavenResourcesFiltering - Copying 0 resource from src\main\resources to target\classes
2023-05-31 07:23:09,160 [Worker-41: Building] INFO  o.a.m.s.f.DefaultMavenResourcesFiltering - skip non existing resourceDirectory C:\Users\cloud\OneDrive\Desktop\Epicode corso\CapstoneProject\epicode_capstone_project\backend2\capstone-test\src\test\resources
2023-05-31 07:23:29,252 [Worker-41: Building] INFO  o.a.m.s.f.DefaultMavenResourcesFiltering - Copying 1 resource from src\main\resources to target\classes
2023-05-31 07:23:29,258 [Worker-41: Building] INFO  o.a.m.s.f.DefaultMavenResourcesFiltering - Copying 0 resource from src\main\resources to target\classes
2023-05-31 07:23:29,260 [Worker-41: Building] INFO  o.a.m.s.f.DefaultMavenResourcesFiltering - skip non existing resourceDirectory C:\Users\cloud\OneDrive\Desktop\Epicode corso\CapstoneProject\epicode_capstone_project\backend2\capstone-test\src\test\resources
2023-05-31 07:24:05,295 [Worker-41: Building] INFO  o.a.m.s.f.DefaultMavenResourcesFiltering - Copying 1 resource from src\main\resources to target\classes
2023-05-31 07:24:05,298 [Worker-41: Building] INFO  o.a.m.s.f.DefaultMavenResourcesFiltering - Copying 0 resource from src\main\resources to target\classes
2023-05-31 07:24:05,301 [Worker-41: Building] INFO  o.a.m.s.f.DefaultMavenResourcesFiltering - skip non existing resourceDirectory C:\Users\cloud\OneDrive\Desktop\Epicode corso\CapstoneProject\epicode_capstone_project\backend2\capstone-test\src\test\resources
2023-05-31 07:28:03,988 [Worker-41: Building] INFO  o.a.m.s.f.DefaultMavenResourcesFiltering - Copying 1 resource from src\main\resources to target\classes
2023-05-31 07:28:03,992 [Worker-41: Building] INFO  o.a.m.s.f.DefaultMavenResourcesFiltering - Copying 0 resource from src\main\resources to target\classes
2023-05-31 07:28:03,994 [Worker-41: Building] INFO  o.a.m.s.f.DefaultMavenResourcesFiltering - skip non existing resourceDirectory C:\Users\cloud\OneDrive\Desktop\Epicode corso\CapstoneProject\epicode_capstone_project\backend2\capstone-test\src\test\resources
2023-05-31 07:28:28,629 [Worker-41: Building] INFO  o.a.m.s.f.DefaultMavenResourcesFiltering - Copying 1 resource from src\main\resources to target\classes
2023-05-31 07:28:28,631 [Worker-41: Building] INFO  o.a.m.s.f.DefaultMavenResourcesFiltering - Copying 0 resource from src\main\resources to target\classes
2023-05-31 07:28:28,633 [Worker-41: Building] INFO  o.a.m.s.f.DefaultMavenResourcesFiltering - skip non existing resourceDirectory C:\Users\cloud\OneDrive\Desktop\Epicode corso\CapstoneProject\epicode_capstone_project\backend2\capstone-test\src\test\resources
2023-05-31 07:28:29,678 [Worker-43: Building] INFO  o.a.m.s.f.DefaultMavenResourcesFiltering - Copying 1 resource from src\main\resources to target\classes
2023-05-31 07:28:29,681 [Worker-43: Building] INFO  o.a.m.s.f.DefaultMavenResourcesFiltering - Copying 0 resource from src\main\resources to target\classes
2023-05-31 07:28:29,683 [Worker-43: Building] INFO  o.a.m.s.f.DefaultMavenResourcesFiltering - skip non existing resourceDirectory C:\Users\cloud\OneDrive\Desktop\Epicode corso\CapstoneProject\epicode_capstone_project\backend2\capstone-test\src\test\resources
2023-05-31 07:28:46,987 [Worker-47: Building] INFO  o.a.m.s.f.DefaultMavenResourcesFiltering - Copying 1 resource from src\main\resources to target\classes
2023-05-31 07:28:46,989 [Worker-47: Building] INFO  o.a.m.s.f.DefaultMavenResourcesFiltering - Copying 0 resource from src\main\resources to target\classes
2023-05-31 07:28:46,992 [Worker-47: Building] INFO  o.a.m.s.f.DefaultMavenResourcesFiltering - skip non existing resourceDirectory C:\Users\cloud\OneDrive\Desktop\Epicode corso\CapstoneProject\epicode_capstone_project\backend2\capstone-test\src\test\resources
2023-05-31 07:28:55,068 [Worker-46: Building] INFO  o.a.m.s.f.DefaultMavenResourcesFiltering - Copying 1 resource from src\main\resources to target\classes
2023-05-31 07:28:55,071 [Worker-46: Building] INFO  o.a.m.s.f.DefaultMavenResourcesFiltering - Copying 0 resource from src\main\resources to target\classes
2023-05-31 07:28:55,073 [Worker-46: Building] INFO  o.a.m.s.f.DefaultMavenResourcesFiltering - skip non existing resourceDirectory C:\Users\cloud\OneDrive\Desktop\Epicode corso\CapstoneProject\epicode_capstone_project\backend2\capstone-test\src\test\resources
2023-05-31 07:32:22,144 [Worker-50: Building] INFO  o.a.m.s.f.DefaultMavenResourcesFiltering - Copying 1 resource from src\main\resources to target\classes
2023-05-31 07:32:22,148 [Worker-50: Building] INFO  o.a.m.s.f.DefaultMavenResourcesFiltering - Copying 0 resource from src\main\resources to target\classes
2023-05-31 07:32:22,149 [Worker-50: Building] INFO  o.a.m.s.f.DefaultMavenResourcesFiltering - skip non existing resourceDirectory C:\Users\cloud\OneDrive\Desktop\Epicode corso\CapstoneProject\epicode_capstone_project\backend2\capstone-test\src\test\resources
2023-05-31 07:32:27,556 [Worker-49: Building] INFO  o.a.m.s.f.DefaultMavenResourcesFiltering - Copying 1 resource from src\main\resources to target\classes
2023-05-31 07:32:27,560 [Worker-49: Building] INFO  o.a.m.s.f.DefaultMavenResourcesFiltering - Copying 0 resource from src\main\resources to target\classes
2023-05-31 07:32:27,562 [Worker-49: Building] INFO  o.a.m.s.f.DefaultMavenResourcesFiltering - skip non existing resourceDirectory C:\Users\cloud\OneDrive\Desktop\Epicode corso\CapstoneProject\epicode_capstone_project\backend2\capstone-test\src\test\resources
2023-05-31 07:32:50,227 [Worker-51: Building] INFO  o.a.m.s.f.DefaultMavenResourcesFiltering - Copying 1 resource from src\main\resources to target\classes
2023-05-31 07:32:50,230 [Worker-51: Building] INFO  o.a.m.s.f.DefaultMavenResourcesFiltering - Copying 0 resource from src\main\resources to target\classes
2023-05-31 07:32:50,232 [Worker-51: Building] INFO  o.a.m.s.f.DefaultMavenResourcesFiltering - skip non existing resourceDirectory C:\Users\cloud\OneDrive\Desktop\Epicode corso\CapstoneProject\epicode_capstone_project\backend2\capstone-test\src\test\resources
2023-05-31 07:35:30,292 [Worker-52: Building] INFO  o.a.m.s.f.DefaultMavenResourcesFiltering - Copying 1 resource from src\main\resources to target\classes
2023-05-31 07:35:30,295 [Worker-52: Building] INFO  o.a.m.s.f.DefaultMavenResourcesFiltering - Copying 0 resource from src\main\resources to target\classes
2023-05-31 07:35:30,296 [Worker-52: Building] INFO  o.a.m.s.f.DefaultMavenResourcesFiltering - skip non existing resourceDirectory C:\Users\cloud\OneDrive\Desktop\Epicode corso\CapstoneProject\epicode_capstone_project\backend2\capstone-test\src\test\resources
2023-05-31 07:36:47,656 [Worker-52: Building] INFO  o.a.m.s.f.DefaultMavenResourcesFiltering - Copying 1 resource from src\main\resources to target\classes
2023-05-31 07:36:47,660 [Worker-52: Building] INFO  o.a.m.s.f.DefaultMavenResourcesFiltering - Copying 0 resource from src\main\resources to target\classes
2023-05-31 07:36:47,662 [Worker-52: Building] INFO  o.a.m.s.f.DefaultMavenResourcesFiltering - skip non existing resourceDirectory C:\Users\cloud\OneDrive\Desktop\Epicode corso\CapstoneProject\epicode_capstone_project\backend2\capstone-test\src\test\resources
2023-05-31 07:40:01,194 [Worker-46: Building] INFO  o.a.m.s.f.DefaultMavenResourcesFiltering - Copying 1 resource from src\main\resources to target\classes
2023-05-31 07:40:01,198 [Worker-46: Building] INFO  o.a.m.s.f.DefaultMavenResourcesFiltering - Copying 0 resource from src\main\resources to target\classes
2023-05-31 07:40:01,200 [Worker-46: Building] INFO  o.a.m.s.f.DefaultMavenResourcesFiltering - skip non existing resourceDirectory C:\Users\cloud\OneDrive\Desktop\Epicode corso\CapstoneProject\epicode_capstone_project\backend2\capstone-test\src\test\resources
2023-05-31 07:40:16,639 [Worker-57: Building] INFO  o.a.m.s.f.DefaultMavenResourcesFiltering - Copying 1 resource from src\main\resources to target\classes
2023-05-31 07:40:16,642 [Worker-57: Building] INFO  o.a.m.s.f.DefaultMavenResourcesFiltering - Copying 0 resource from src\main\resources to target\classes
2023-05-31 07:40:16,645 [Worker-57: Building] INFO  o.a.m.s.f.DefaultMavenResourcesFiltering - skip non existing resourceDirectory C:\Users\cloud\OneDrive\Desktop\Epicode corso\CapstoneProject\epicode_capstone_project\backend2\capstone-test\src\test\resources
2023-05-31 07:42:48,259 [Worker-58: Building] INFO  o.a.m.s.f.DefaultMavenResourcesFiltering - Copying 1 resource from src\main\resources to target\classes
2023-05-31 07:42:48,262 [Worker-58: Building] INFO  o.a.m.s.f.DefaultMavenResourcesFiltering - Copying 0 resource from src\main\resources to target\classes
2023-05-31 07:42:48,264 [Worker-58: Building] INFO  o.a.m.s.f.DefaultMavenResourcesFiltering - skip non existing resourceDirectory C:\Users\cloud\OneDrive\Desktop\Epicode corso\CapstoneProject\epicode_capstone_project\backend2\capstone-test\src\test\resources
2023-05-31 07:43:35,216 [Worker-59: Building] INFO  o.a.m.s.f.DefaultMavenResourcesFiltering - Copying 1 resource from src\main\resources to target\classes
2023-05-31 07:43:35,219 [Worker-59: Building] INFO  o.a.m.s.f.DefaultMavenResourcesFiltering - Copying 0 resource from src\main\resources to target\classes
2023-05-31 07:43:35,221 [Worker-59: Building] INFO  o.a.m.s.f.DefaultMavenResourcesFiltering - skip non existing resourceDirectory C:\Users\cloud\OneDrive\Desktop\Epicode corso\CapstoneProject\epicode_capstone_project\backend2\capstone-test\src\test\resources
2023-05-31 07:50:37,376 [Worker-56: Building] INFO  o.a.m.s.f.DefaultMavenResourcesFiltering - Copying 1 resource from src\main\resources to target\classes
2023-05-31 07:50:37,381 [Worker-56: Building] INFO  o.a.m.s.f.DefaultMavenResourcesFiltering - Copying 0 resource from src\main\resources to target\classes
2023-05-31 07:50:37,383 [Worker-56: Building] INFO  o.a.m.s.f.DefaultMavenResourcesFiltering - skip non existing resourceDirectory C:\Users\cloud\OneDrive\Desktop\Epicode corso\CapstoneProject\epicode_capstone_project\backend2\capstone-test\src\test\resources
2023-05-31 07:50:55,224 [Worker-63: Building] INFO  o.a.m.s.f.DefaultMavenResourcesFiltering - Copying 1 resource from src\main\resources to target\classes
2023-05-31 07:50:55,227 [Worker-63: Building] INFO  o.a.m.s.f.DefaultMavenResourcesFiltering - Copying 0 resource from src\main\resources to target\classes
2023-05-31 07:50:55,229 [Worker-63: Building] INFO  o.a.m.s.f.DefaultMavenResourcesFiltering - skip non existing resourceDirectory C:\Users\cloud\OneDrive\Desktop\Epicode corso\CapstoneProject\epicode_capstone_project\backend2\capstone-test\src\test\resources
2023-05-31 07:51:18,887 [Worker-63: Building] INFO  o.a.m.s.f.DefaultMavenResourcesFiltering - Copying 1 resource from src\main\resources to target\classes
2023-05-31 07:51:18,889 [Worker-63: Building] INFO  o.a.m.s.f.DefaultMavenResourcesFiltering - Copying 0 resource from src\main\resources to target\classes
2023-05-31 07:51:18,891 [Worker-63: Building] INFO  o.a.m.s.f.DefaultMavenResourcesFiltering - skip non existing resourceDirectory C:\Users\cloud\OneDrive\Desktop\Epicode corso\CapstoneProject\epicode_capstone_project\backend2\capstone-test\src\test\resources
2023-05-31 07:52:37,804 [Worker-65: Building] INFO  o.a.m.s.f.DefaultMavenResourcesFiltering - Copying 1 resource from src\main\resources to target\classes
2023-05-31 07:52:37,806 [Worker-65: Building] INFO  o.a.m.s.f.DefaultMavenResourcesFiltering - Copying 0 resource from src\main\resources to target\classes
2023-05-31 07:52:37,809 [Worker-65: Building] INFO  o.a.m.s.f.DefaultMavenResourcesFiltering - skip non existing resourceDirectory C:\Users\cloud\OneDrive\Desktop\Epicode corso\CapstoneProject\epicode_capstone_project\backend2\capstone-test\src\test\resources
2023-05-31 07:55:09,608 [Worker-56: Building] INFO  o.a.m.s.f.DefaultMavenResourcesFiltering - Copying 1 resource from src\main\resources to target\classes
2023-05-31 07:55:09,611 [Worker-56: Building] INFO  o.a.m.s.f.DefaultMavenResourcesFiltering - Copying 0 resource from src\main\resources to target\classes
2023-05-31 07:55:09,612 [Worker-56: Building] INFO  o.a.m.s.f.DefaultMavenResourcesFiltering - skip non existing resourceDirectory C:\Users\cloud\OneDrive\Desktop\Epicode corso\CapstoneProject\epicode_capstone_project\backend2\capstone-test\src\test\resources
2023-05-31 07:55:38,069 [Worker-62: Building] INFO  o.a.m.s.f.DefaultMavenResourcesFiltering - Copying 1 resource from src\main\resources to target\classes
2023-05-31 07:55:38,073 [Worker-62: Building] INFO  o.a.m.s.f.DefaultMavenResourcesFiltering - Copying 0 resource from src\main\resources to target\classes
2023-05-31 07:55:38,075 [Worker-62: Building] INFO  o.a.m.s.f.DefaultMavenResourcesFiltering - skip non existing resourceDirectory C:\Users\cloud\OneDrive\Desktop\Epicode corso\CapstoneProject\epicode_capstone_project\backend2\capstone-test\src\test\resources
2023-05-31 08:02:32,283 [Worker-69: Building] INFO  o.a.m.s.f.DefaultMavenResourcesFiltering - Copying 1 resource from src\main\resources to target\classes
2023-05-31 08:02:32,287 [Worker-69: Building] INFO  o.a.m.s.f.DefaultMavenResourcesFiltering - Copying 0 resource from src\main\resources to target\classes
2023-05-31 08:02:32,289 [Worker-69: Building] INFO  o.a.m.s.f.DefaultMavenResourcesFiltering - skip non existing resourceDirectory C:\Users\cloud\OneDrive\Desktop\Epicode corso\CapstoneProject\epicode_capstone_project\backend2\capstone-test\src\test\resources
2023-05-31 08:03:20,216 [Worker-69: Building] INFO  o.a.m.s.f.DefaultMavenResourcesFiltering - Copying 1 resource from src\main\resources to target\classes
2023-05-31 08:03:20,219 [Worker-69: Building] INFO  o.a.m.s.f.DefaultMavenResourcesFiltering - Copying 0 resource from src\main\resources to target\classes
2023-05-31 08:03:20,221 [Worker-69: Building] INFO  o.a.m.s.f.DefaultMavenResourcesFiltering - skip non existing resourceDirectory C:\Users\cloud\OneDrive\Desktop\Epicode corso\CapstoneProject\epicode_capstone_project\backend2\capstone-test\src\test\resources
2023-05-31 08:03:25,535 [Worker-70: Building] INFO  o.a.m.s.f.DefaultMavenResourcesFiltering - Copying 1 resource from src\main\resources to target\classes
2023-05-31 08:03:25,538 [Worker-70: Building] INFO  o.a.m.s.f.DefaultMavenResourcesFiltering - Copying 0 resource from src\main\resources to target\classes
2023-05-31 08:03:25,540 [Worker-70: Building] INFO  o.a.m.s.f.DefaultMavenResourcesFiltering - skip non existing resourceDirectory C:\Users\cloud\OneDrive\Desktop\Epicode corso\CapstoneProject\epicode_capstone_project\backend2\capstone-test\src\test\resources
2023-05-31 08:06:13,051 [Worker-67: Building] INFO  o.a.m.s.f.DefaultMavenResourcesFiltering - Copying 1 resource from src\main\resources to target\classes
2023-05-31 08:06:13,053 [Worker-67: Building] INFO  o.a.m.s.f.DefaultMavenResourcesFiltering - Copying 0 resource from src\main\resources to target\classes
2023-05-31 08:06:13,055 [Worker-67: Building] INFO  o.a.m.s.f.DefaultMavenResourcesFiltering - skip non existing resourceDirectory C:\Users\cloud\OneDrive\Desktop\Epicode corso\CapstoneProject\epicode_capstone_project\backend2\capstone-test\src\test\resources
2023-05-31 08:08:20,919 [Worker-72: Building] INFO  o.a.m.s.f.DefaultMavenResourcesFiltering - Copying 1 resource from src\main\resources to target\classes
2023-05-31 08:08:20,922 [Worker-72: Building] INFO  o.a.m.s.f.DefaultMavenResourcesFiltering - Copying 0 resource from src\main\resources to target\classes
2023-05-31 08:08:20,924 [Worker-72: Building] INFO  o.a.m.s.f.DefaultMavenResourcesFiltering - skip non existing resourceDirectory C:\Users\cloud\OneDrive\Desktop\Epicode corso\CapstoneProject\epicode_capstone_project\backend2\capstone-test\src\test\resources
2023-05-31 08:11:02,956 [Worker-71: Building] INFO  o.a.m.s.f.DefaultMavenResourcesFiltering - Copying 1 resource from src\main\resources to target\classes
2023-05-31 08:11:02,959 [Worker-71: Building] INFO  o.a.m.s.f.DefaultMavenResourcesFiltering - Copying 0 resource from src\main\resources to target\classes
2023-05-31 08:11:02,961 [Worker-71: Building] INFO  o.a.m.s.f.DefaultMavenResourcesFiltering - skip non existing resourceDirectory C:\Users\cloud\OneDrive\Desktop\Epicode corso\CapstoneProject\epicode_capstone_project\backend2\capstone-test\src\test\resources
2023-05-31 08:12:44,444 [Worker-77: Building] INFO  o.a.m.s.f.DefaultMavenResourcesFiltering - Copying 1 resource from src\main\resources to target\classes
2023-05-31 08:12:44,457 [Worker-77: Building] INFO  o.a.m.s.f.DefaultMavenResourcesFiltering - Copying 0 resource from src\main\resources to target\classes
2023-05-31 08:12:44,459 [Worker-77: Building] INFO  o.a.m.s.f.DefaultMavenResourcesFiltering - skip non existing resourceDirectory C:\Users\cloud\OneDrive\Desktop\Epicode corso\CapstoneProject\epicode_capstone_project\backend2\capstone-test\src\test\resources
2023-05-31 08:15:15,697 [Worker-79: Building] INFO  o.a.m.s.f.DefaultMavenResourcesFiltering - Copying 1 resource from src\main\resources to target\classes
2023-05-31 08:15:15,717 [Worker-79: Building] INFO  o.a.m.s.f.DefaultMavenResourcesFiltering - Copying 0 resource from src\main\resources to target\classes
2023-05-31 08:15:15,719 [Worker-79: Building] INFO  o.a.m.s.f.DefaultMavenResourcesFiltering - skip non existing resourceDirectory C:\Users\cloud\OneDrive\Desktop\Epicode corso\CapstoneProject\epicode_capstone_project\backend2\capstone-test\src\test\resources
2023-05-31 08:15:22,573 [Worker-74: Building] INFO  o.a.m.s.f.DefaultMavenResourcesFiltering - Copying 1 resource from src\main\resources to target\classes
2023-05-31 08:15:22,576 [Worker-74: Building] INFO  o.a.m.s.f.DefaultMavenResourcesFiltering - Copying 0 resource from src\main\resources to target\classes
2023-05-31 08:15:22,578 [Worker-74: Building] INFO  o.a.m.s.f.DefaultMavenResourcesFiltering - skip non existing resourceDirectory C:\Users\cloud\OneDrive\Desktop\Epicode corso\CapstoneProject\epicode_capstone_project\backend2\capstone-test\src\test\resources
2023-05-31 08:18:57,272 [Worker-82: Building] INFO  o.a.m.s.f.DefaultMavenResourcesFiltering - Copying 1 resource from src\main\resources to target\classes
2023-05-31 08:18:57,275 [Worker-82: Building] INFO  o.a.m.s.f.DefaultMavenResourcesFiltering - Copying 0 resource from src\main\resources to target\classes
2023-05-31 08:18:57,277 [Worker-82: Building] INFO  o.a.m.s.f.DefaultMavenResourcesFiltering - skip non existing resourceDirectory C:\Users\cloud\OneDrive\Desktop\Epicode corso\CapstoneProject\epicode_capstone_project\backend2\capstone-test\src\test\resources
2023-05-31 08:19:08,879 [Worker-78: Building] INFO  o.a.m.s.f.DefaultMavenResourcesFiltering - Copying 1 resource from src\main\resources to target\classes
2023-05-31 08:19:08,882 [Worker-78: Building] INFO  o.a.m.s.f.DefaultMavenResourcesFiltering - Copying 0 resource from src\main\resources to target\classes
2023-05-31 08:19:08,883 [Worker-78: Building] INFO  o.a.m.s.f.DefaultMavenResourcesFiltering - skip non existing resourceDirectory C:\Users\cloud\OneDrive\Desktop\Epicode corso\CapstoneProject\epicode_capstone_project\backend2\capstone-test\src\test\resources
2023-05-31 08:20:49,078 [Worker-82: Building] INFO  o.a.m.s.f.DefaultMavenResourcesFiltering - Copying 1 resource from src\main\resources to target\classes
2023-05-31 08:20:49,081 [Worker-82: Building] INFO  o.a.m.s.f.DefaultMavenResourcesFiltering - Copying 0 resource from src\main\resources to target\classes
2023-05-31 08:20:49,083 [Worker-82: Building] INFO  o.a.m.s.f.DefaultMavenResourcesFiltering - skip non existing resourceDirectory C:\Users\cloud\OneDrive\Desktop\Epicode corso\CapstoneProject\epicode_capstone_project\backend2\capstone-test\src\test\resources
2023-05-31 08:23:57,702 [Worker-88: Building] INFO  o.a.m.s.f.DefaultMavenResourcesFiltering - Copying 1 resource from src\main\resources to target\classes
2023-05-31 08:23:57,707 [Worker-88: Building] INFO  o.a.m.s.f.DefaultMavenResourcesFiltering - Copying 0 resource from src\main\resources to target\classes
2023-05-31 08:23:57,708 [Worker-88: Building] INFO  o.a.m.s.f.DefaultMavenResourcesFiltering - skip non existing resourceDirectory C:\Users\cloud\OneDrive\Desktop\Epicode corso\CapstoneProject\epicode_capstone_project\backend2\capstone-test\src\test\resources
2023-05-31 08:24:39,783 [Worker-91: Building] INFO  o.a.m.s.f.DefaultMavenResourcesFiltering - Copying 1 resource from src\main\resources to target\classes
2023-05-31 08:24:39,785 [Worker-91: Building] INFO  o.a.m.s.f.DefaultMavenResourcesFiltering - Copying 0 resource from src\main\resources to target\classes
2023-05-31 08:24:39,787 [Worker-91: Building] INFO  o.a.m.s.f.DefaultMavenResourcesFiltering - skip non existing resourceDirectory C:\Users\cloud\OneDrive\Desktop\Epicode corso\CapstoneProject\epicode_capstone_project\backend2\capstone-test\src\test\resources
2023-05-31 08:25:35,812 [Worker-89: Building] INFO  o.a.m.s.f.DefaultMavenResourcesFiltering - Copying 1 resource from src\main\resources to target\classes
2023-05-31 08:25:35,814 [Worker-89: Building] INFO  o.a.m.s.f.DefaultMavenResourcesFiltering - Copying 0 resource from src\main\resources to target\classes
2023-05-31 08:25:35,815 [Worker-89: Building] INFO  o.a.m.s.f.DefaultMavenResourcesFiltering - skip non existing resourceDirectory C:\Users\cloud\OneDrive\Desktop\Epicode corso\CapstoneProject\epicode_capstone_project\backend2\capstone-test\src\test\resources
2023-05-31 08:28:38,828 [Worker-90: Building] INFO  o.a.m.s.f.DefaultMavenResourcesFiltering - Copying 1 resource from src\main\resources to target\classes
2023-05-31 08:28:38,832 [Worker-90: Building] INFO  o.a.m.s.f.DefaultMavenResourcesFiltering - Copying 0 resource from src\main\resources to target\classes
2023-05-31 08:28:38,834 [Worker-90: Building] INFO  o.a.m.s.f.DefaultMavenResourcesFiltering - skip non existing resourceDirectory C:\Users\cloud\OneDrive\Desktop\Epicode corso\CapstoneProject\epicode_capstone_project\backend2\capstone-test\src\test\resources
2023-05-31 08:28:47,979 [Worker-85: Building] INFO  o.a.m.s.f.DefaultMavenResourcesFiltering - Copying 1 resource from src\main\resources to target\classes
2023-05-31 08:28:47,982 [Worker-85: Building] INFO  o.a.m.s.f.DefaultMavenResourcesFiltering - Copying 0 resource from src\main\resources to target\classes
2023-05-31 08:28:47,983 [Worker-85: Building] INFO  o.a.m.s.f.DefaultMavenResourcesFiltering - skip non existing resourceDirectory C:\Users\cloud\OneDrive\Desktop\Epicode corso\CapstoneProject\epicode_capstone_project\backend2\capstone-test\src\test\resources
2023-05-31 08:29:49,159 [Worker-88: Building] INFO  o.a.m.s.f.DefaultMavenResourcesFiltering - Copying 1 resource from src\main\resources to target\classes
2023-05-31 08:29:49,162 [Worker-88: Building] INFO  o.a.m.s.f.DefaultMavenResourcesFiltering - Copying 0 resource from src\main\resources to target\classes
2023-05-31 08:29:49,163 [Worker-88: Building] INFO  o.a.m.s.f.DefaultMavenResourcesFiltering - skip non existing resourceDirectory C:\Users\cloud\OneDrive\Desktop\Epicode corso\CapstoneProject\epicode_capstone_project\backend2\capstone-test\src\test\resources
2023-05-31 08:32:04,617 [Worker-88: Building] INFO  o.a.m.s.f.DefaultMavenResourcesFiltering - Copying 1 resource from src\main\resources to target\classes
2023-05-31 08:32:04,619 [Worker-88: Building] INFO  o.a.m.s.f.DefaultMavenResourcesFiltering - Copying 0 resource from src\main\resources to target\classes
2023-05-31 08:32:04,621 [Worker-88: Building] INFO  o.a.m.s.f.DefaultMavenResourcesFiltering - skip non existing resourceDirectory C:\Users\cloud\OneDrive\Desktop\Epicode corso\CapstoneProject\epicode_capstone_project\backend2\capstone-test\src\test\resources
2023-05-31 08:32:07,289 [Worker-88: Building] INFO  o.a.m.s.f.DefaultMavenResourcesFiltering - Copying 1 resource from src\main\resources to target\classes
2023-05-31 08:32:07,291 [Worker-88: Building] INFO  o.a.m.s.f.DefaultMavenResourcesFiltering - Copying 0 resource from src\main\resources to target\classes
2023-05-31 08:32:07,293 [Worker-88: Building] INFO  o.a.m.s.f.DefaultMavenResourcesFiltering - skip non existing resourceDirectory C:\Users\cloud\OneDrive\Desktop\Epicode corso\CapstoneProject\epicode_capstone_project\backend2\capstone-test\src\test\resources
2023-05-31 08:32:11,162 [Worker-88: Building] INFO  o.a.m.s.f.DefaultMavenResourcesFiltering - Copying 1 resource from src\main\resources to target\classes
2023-05-31 08:32:11,164 [Worker-88: Building] INFO  o.a.m.s.f.DefaultMavenResourcesFiltering - Copying 0 resource from src\main\resources to target\classes
2023-05-31 08:32:11,166 [Worker-88: Building] INFO  o.a.m.s.f.DefaultMavenResourcesFiltering - skip non existing resourceDirectory C:\Users\cloud\OneDrive\Desktop\Epicode corso\CapstoneProject\epicode_capstone_project\backend2\capstone-test\src\test\resources
2023-05-31 08:34:20,381 [Worker-95: Building] INFO  o.a.m.s.f.DefaultMavenResourcesFiltering - Copying 1 resource from src\main\resources to target\classes
2023-05-31 08:34:20,394 [Worker-95: Building] INFO  o.a.m.s.f.DefaultMavenResourcesFiltering - Copying 0 resource from src\main\resources to target\classes
2023-05-31 08:34:20,396 [Worker-95: Building] INFO  o.a.m.s.f.DefaultMavenResourcesFiltering - skip non existing resourceDirectory C:\Users\cloud\OneDrive\Desktop\Epicode corso\CapstoneProject\epicode_capstone_project\backend2\capstone-test\src\test\resources
2023-05-31 08:36:50,025 [Worker-90: Launching capstone-test - Application] INFO  o.a.m.s.f.DefaultMavenResourcesFiltering - Copying 1 resource from src\main\resources to target\classes
2023-05-31 08:36:50,029 [Worker-90: Launching capstone-test - Application] INFO  o.a.m.s.f.DefaultMavenResourcesFiltering - Copying 0 resource from src\main\resources to target\classes
2023-05-31 08:36:50,031 [Worker-90: Launching capstone-test - Application] INFO  o.a.m.s.f.DefaultMavenResourcesFiltering - skip non existing resourceDirectory C:\Users\cloud\OneDrive\Desktop\Epicode corso\CapstoneProject\epicode_capstone_project\backend2\capstone-test\src\test\resources
2023-05-31 08:37:30,224 [Worker-96: Building] INFO  o.a.m.s.f.DefaultMavenResourcesFiltering - Copying 1 resource from src\main\resources to target\classes
2023-05-31 08:37:30,227 [Worker-96: Building] INFO  o.a.m.s.f.DefaultMavenResourcesFiltering - Copying 0 resource from src\main\resources to target\classes
2023-05-31 08:37:30,228 [Worker-96: Building] INFO  o.a.m.s.f.DefaultMavenResourcesFiltering - skip non existing resourceDirectory C:\Users\cloud\OneDrive\Desktop\Epicode corso\CapstoneProject\epicode_capstone_project\backend2\capstone-test\src\test\resources
2023-05-31 08:38:42,078 [Worker-103: Building] INFO  o.a.m.s.f.DefaultMavenResourcesFiltering - Copying 1 resource from src\main\resources to target\classes
2023-05-31 08:38:42,080 [Worker-103: Building] INFO  o.a.m.s.f.DefaultMavenResourcesFiltering - Copying 0 resource from src\main\resources to target\classes
2023-05-31 08:38:42,082 [Worker-103: Building] INFO  o.a.m.s.f.DefaultMavenResourcesFiltering - skip non existing resourceDirectory C:\Users\cloud\OneDrive\Desktop\Epicode corso\CapstoneProject\epicode_capstone_project\backend2\capstone-test\src\test\resources
2023-05-31 08:40:08,623 [Worker-99: Building] INFO  o.a.m.s.f.DefaultMavenResourcesFiltering - Copying 1 resource from src\main\resources to target\classes
2023-05-31 08:40:08,627 [Worker-99: Building] INFO  o.a.m.s.f.DefaultMavenResourcesFiltering - Copying 0 resource from src\main\resources to target\classes
2023-05-31 08:40:08,628 [Worker-99: Building] INFO  o.a.m.s.f.DefaultMavenResourcesFiltering - skip non existing resourceDirectory C:\Users\cloud\OneDrive\Desktop\Epicode corso\CapstoneProject\epicode_capstone_project\backend2\capstone-test\src\test\resources
2023-05-31 08:42:16,142 [Worker-101: Launching capstone-test - Application] INFO  o.a.m.s.f.DefaultMavenResourcesFiltering - Copying 1 resource from src\main\resources to target\classes
2023-05-31 08:42:16,145 [Worker-101: Launching capstone-test - Application] INFO  o.a.m.s.f.DefaultMavenResourcesFiltering - Copying 0 resource from src\main\resources to target\classes
2023-05-31 08:42:16,147 [Worker-101: Launching capstone-test - Application] INFO  o.a.m.s.f.DefaultMavenResourcesFiltering - skip non existing resourceDirectory C:\Users\cloud\OneDrive\Desktop\Epicode corso\CapstoneProject\epicode_capstone_project\backend2\capstone-test\src\test\resources
2023-05-31 08:44:07,682 [Worker-99: Building] INFO  o.a.m.s.f.DefaultMavenResourcesFiltering - Copying 1 resource from src\main\resources to target\classes
2023-05-31 08:44:07,684 [Worker-99: Building] INFO  o.a.m.s.f.DefaultMavenResourcesFiltering - Copying 0 resource from src\main\resources to target\classes
2023-05-31 08:44:07,685 [Worker-99: Building] INFO  o.a.m.s.f.DefaultMavenResourcesFiltering - skip non existing resourceDirectory C:\Users\cloud\OneDrive\Desktop\Epicode corso\CapstoneProject\epicode_capstone_project\backend2\capstone-test\src\test\resources
2023-05-31 08:45:25,217 [Worker-102: Building] INFO  o.a.m.s.f.DefaultMavenResourcesFiltering - Copying 1 resource from src\main\resources to target\classes
2023-05-31 08:45:25,224 [Worker-102: Building] INFO  o.a.m.s.f.DefaultMavenResourcesFiltering - Copying 0 resource from src\main\resources to target\classes
2023-05-31 08:45:25,226 [Worker-102: Building] INFO  o.a.m.s.f.DefaultMavenResourcesFiltering - skip non existing resourceDirectory C:\Users\cloud\OneDrive\Desktop\Epicode corso\CapstoneProject\epicode_capstone_project\backend2\capstone-test\src\test\resources
2023-05-31 08:46:35,240 [Worker-100: Building] INFO  o.a.m.s.f.DefaultMavenResourcesFiltering - Copying 1 resource from src\main\resources to target\classes
2023-05-31 08:46:35,243 [Worker-100: Building] INFO  o.a.m.s.f.DefaultMavenResourcesFiltering - Copying 0 resource from src\main\resources to target\classes
2023-05-31 08:46:35,244 [Worker-100: Building] INFO  o.a.m.s.f.DefaultMavenResourcesFiltering - skip non existing resourceDirectory C:\Users\cloud\OneDrive\Desktop\Epicode corso\CapstoneProject\epicode_capstone_project\backend2\capstone-test\src\test\resources
2023-05-31 11:21:17,291 [Worker-4: Loading available Gradle versions] INFO  o.e.b.c.i.u.g.PublishedGradleVersions - Gradle version information cache is up-to-date. Trying to read.
2023-05-31 11:28:45,245 [Worker-27: Building] INFO  o.a.m.s.f.DefaultMavenResourcesFiltering - Copying 1 resource from src\main\resources to target\classes
2023-05-31 11:28:45,263 [Worker-27: Building] INFO  o.a.m.s.f.DefaultMavenResourcesFiltering - Copying 0 resource from src\main\resources to target\classes
2023-05-31 11:28:45,266 [Worker-27: Building] INFO  o.a.m.s.f.DefaultMavenResourcesFiltering - skip non existing resourceDirectory C:\Users\cloud\OneDrive\Desktop\Epicode corso\CapstoneProject\epicode_capstone_project\backend2\capstone-test\src\test\resources
2023-05-31 11:32:25,635 [Worker-43: Building] INFO  o.a.m.s.f.DefaultMavenResourcesFiltering - Copying 1 resource from src\main\resources to target\classes
2023-05-31 11:32:25,649 [Worker-43: Building] INFO  o.a.m.s.f.DefaultMavenResourcesFiltering - Copying 0 resource from src\main\resources to target\classes
2023-05-31 11:32:25,652 [Worker-43: Building] INFO  o.a.m.s.f.DefaultMavenResourcesFiltering - skip non existing resourceDirectory C:\Users\cloud\OneDrive\Desktop\Epicode corso\CapstoneProject\epicode_capstone_project\backend2\capstone-test\src\test\resources
2023-05-31 11:36:00,935 [Worker-42: Building] INFO  o.a.m.s.f.DefaultMavenResourcesFiltering - Copying 1 resource from src\main\resources to target\classes
2023-05-31 11:36:00,939 [Worker-42: Building] INFO  o.a.m.s.f.DefaultMavenResourcesFiltering - Copying 0 resource from src\main\resources to target\classes
2023-05-31 11:36:00,941 [Worker-42: Building] INFO  o.a.m.s.f.DefaultMavenResourcesFiltering - skip non existing resourceDirectory C:\Users\cloud\OneDrive\Desktop\Epicode corso\CapstoneProject\epicode_capstone_project\backend2\capstone-test\src\test\resources
2023-05-31 11:38:36,734 [Worker-49: Building] INFO  o.a.m.s.f.DefaultMavenResourcesFiltering - Copying 1 resource from src\main\resources to target\classes
2023-05-31 11:38:36,737 [Worker-49: Building] INFO  o.a.m.s.f.DefaultMavenResourcesFiltering - Copying 0 resource from src\main\resources to target\classes
2023-05-31 11:38:36,739 [Worker-49: Building] INFO  o.a.m.s.f.DefaultMavenResourcesFiltering - skip non existing resourceDirectory C:\Users\cloud\OneDrive\Desktop\Epicode corso\CapstoneProject\epicode_capstone_project\backend2\capstone-test\src\test\resources
2023-05-31 11:38:42,604 [Worker-45: Building] INFO  o.a.m.s.f.DefaultMavenResourcesFiltering - Copying 1 resource from src\main\resources to target\classes
2023-05-31 11:38:42,608 [Worker-45: Building] INFO  o.a.m.s.f.DefaultMavenResourcesFiltering - Copying 0 resource from src\main\resources to target\classes
2023-05-31 11:38:42,611 [Worker-45: Building] INFO  o.a.m.s.f.DefaultMavenResourcesFiltering - skip non existing resourceDirectory C:\Users\cloud\OneDrive\Desktop\Epicode corso\CapstoneProject\epicode_capstone_project\backend2\capstone-test\src\test\resources
2023-05-31 11:40:51,038 [Worker-42: Building] INFO  o.a.m.s.f.DefaultMavenResourcesFiltering - Copying 1 resource from src\main\resources to target\classes
2023-05-31 11:40:51,043 [Worker-42: Building] INFO  o.a.m.s.f.DefaultMavenResourcesFiltering - Copying 0 resource from src\main\resources to target\classes
2023-05-31 11:40:51,045 [Worker-42: Building] INFO  o.a.m.s.f.DefaultMavenResourcesFiltering - skip non existing resourceDirectory C:\Users\cloud\OneDrive\Desktop\Epicode corso\CapstoneProject\epicode_capstone_project\backend2\capstone-test\src\test\resources
2023-05-31 11:41:07,089 [Worker-42: Building] INFO  o.a.m.s.f.DefaultMavenResourcesFiltering - Copying 1 resource from src\main\resources to target\classes
2023-05-31 11:41:07,092 [Worker-42: Building] INFO  o.a.m.s.f.DefaultMavenResourcesFiltering - Copying 0 resource from src\main\resources to target\classes
2023-05-31 11:41:07,094 [Worker-42: Building] INFO  o.a.m.s.f.DefaultMavenResourcesFiltering - skip non existing resourceDirectory C:\Users\cloud\OneDrive\Desktop\Epicode corso\CapstoneProject\epicode_capstone_project\backend2\capstone-test\src\test\resources
2023-05-31 11:41:20,204 [Worker-50: Building] INFO  o.a.m.s.f.DefaultMavenResourcesFiltering - Copying 1 resource from src\main\resources to target\classes
2023-05-31 11:41:20,210 [Worker-50: Building] INFO  o.a.m.s.f.DefaultMavenResourcesFiltering - Copying 0 resource from src\main\resources to target\classes
2023-05-31 11:41:20,216 [Worker-50: Building] INFO  o.a.m.s.f.DefaultMavenResourcesFiltering - skip non existing resourceDirectory C:\Users\cloud\OneDrive\Desktop\Epicode corso\CapstoneProject\epicode_capstone_project\backend2\capstone-test\src\test\resources
2023-05-31 11:55:12,775 [Worker-53: Building] INFO  o.a.m.s.f.DefaultMavenResourcesFiltering - Copying 1 resource from src\main\resources to target\classes
2023-05-31 11:55:12,785 [Worker-53: Building] INFO  o.a.m.s.f.DefaultMavenResourcesFiltering - Copying 0 resource from src\main\resources to target\classes
2023-05-31 11:55:12,788 [Worker-53: Building] INFO  o.a.m.s.f.DefaultMavenResourcesFiltering - skip non existing resourceDirectory C:\Users\cloud\OneDrive\Desktop\Epicode corso\CapstoneProject\epicode_capstone_project\backend2\capstone-test\src\test\resources
2023-05-31 11:55:21,675 [Worker-55: Building] INFO  o.a.m.s.f.DefaultMavenResourcesFiltering - Copying 1 resource from src\main\resources to target\classes
2023-05-31 11:55:21,683 [Worker-55: Building] INFO  o.a.m.s.f.DefaultMavenResourcesFiltering - Copying 0 resource from src\main\resources to target\classes
2023-05-31 11:55:21,686 [Worker-55: Building] INFO  o.a.m.s.f.DefaultMavenResourcesFiltering - skip non existing resourceDirectory C:\Users\cloud\OneDrive\Desktop\Epicode corso\CapstoneProject\epicode_capstone_project\backend2\capstone-test\src\test\resources
2023-05-31 11:55:32,052 [Worker-56: Building] INFO  o.a.m.s.f.DefaultMavenResourcesFiltering - Copying 1 resource from src\main\resources to target\classes
2023-05-31 11:55:32,054 [Worker-56: Building] INFO  o.a.m.s.f.DefaultMavenResourcesFiltering - Copying 0 resource from src\main\resources to target\classes
2023-05-31 11:55:32,056 [Worker-56: Building] INFO  o.a.m.s.f.DefaultMavenResourcesFiltering - skip non existing resourceDirectory C:\Users\cloud\OneDrive\Desktop\Epicode corso\CapstoneProject\epicode_capstone_project\backend2\capstone-test\src\test\resources
2023-05-31 11:55:55,787 [Worker-53: Building] INFO  o.a.m.s.f.DefaultMavenResourcesFiltering - Copying 1 resource from src\main\resources to target\classes
2023-05-31 11:55:55,789 [Worker-53: Building] INFO  o.a.m.s.f.DefaultMavenResourcesFiltering - Copying 0 resource from src\main\resources to target\classes
2023-05-31 11:55:55,791 [Worker-53: Building] INFO  o.a.m.s.f.DefaultMavenResourcesFiltering - skip non existing resourceDirectory C:\Users\cloud\OneDrive\Desktop\Epicode corso\CapstoneProject\epicode_capstone_project\backend2\capstone-test\src\test\resources
2023-05-31 12:01:51,654 [Worker-59: Building] INFO  o.a.m.s.f.DefaultMavenResourcesFiltering - Copying 1 resource from src\main\resources to target\classes
2023-05-31 12:01:51,659 [Worker-59: Building] INFO  o.a.m.s.f.DefaultMavenResourcesFiltering - Copying 0 resource from src\main\resources to target\classes
2023-05-31 12:01:51,660 [Worker-59: Building] INFO  o.a.m.s.f.DefaultMavenResourcesFiltering - skip non existing resourceDirectory C:\Users\cloud\OneDrive\Desktop\Epicode corso\CapstoneProject\epicode_capstone_project\backend2\capstone-test\src\test\resources
2023-05-31 12:04:08,887 [Worker-61: Building] INFO  o.a.m.s.f.DefaultMavenResourcesFiltering - Copying 1 resource from src\main\resources to target\classes
2023-05-31 12:04:08,891 [Worker-61: Building] INFO  o.a.m.s.f.DefaultMavenResourcesFiltering - Copying 0 resource from src\main\resources to target\classes
2023-05-31 12:04:08,893 [Worker-61: Building] INFO  o.a.m.s.f.DefaultMavenResourcesFiltering - skip non existing resourceDirectory C:\Users\cloud\OneDrive\Desktop\Epicode corso\CapstoneProject\epicode_capstone_project\backend2\capstone-test\src\test\resources
2023-05-31 12:04:28,895 [Worker-61: Building] INFO  o.a.m.s.f.DefaultMavenResourcesFiltering - Copying 1 resource from src\main\resources to target\classes
2023-05-31 12:04:28,901 [Worker-61: Building] INFO  o.a.m.s.f.DefaultMavenResourcesFiltering - Copying 0 resource from src\main\resources to target\classes
2023-05-31 12:04:28,904 [Worker-61: Building] INFO  o.a.m.s.f.DefaultMavenResourcesFiltering - skip non existing resourceDirectory C:\Users\cloud\OneDrive\Desktop\Epicode corso\CapstoneProject\epicode_capstone_project\backend2\capstone-test\src\test\resources
2023-05-31 12:06:25,722 [Worker-41: Building] INFO  o.a.m.s.f.DefaultMavenResourcesFiltering - Copying 1 resource from src\main\resources to target\classes
2023-05-31 12:06:25,725 [Worker-41: Building] INFO  o.a.m.s.f.DefaultMavenResourcesFiltering - Copying 0 resource from src\main\resources to target\classes
2023-05-31 12:06:25,728 [Worker-41: Building] INFO  o.a.m.s.f.DefaultMavenResourcesFiltering - skip non existing resourceDirectory C:\Users\cloud\OneDrive\Desktop\Epicode corso\CapstoneProject\epicode_capstone_project\backend2\capstone-test\src\test\resources
2023-05-31 12:07:41,968 [Worker-66: Building] INFO  o.a.m.s.f.DefaultMavenResourcesFiltering - Copying 1 resource from src\main\resources to target\classes
2023-05-31 12:07:41,970 [Worker-66: Building] INFO  o.a.m.s.f.DefaultMavenResourcesFiltering - Copying 0 resource from src\main\resources to target\classes
2023-05-31 12:07:41,972 [Worker-66: Building] INFO  o.a.m.s.f.DefaultMavenResourcesFiltering - skip non existing resourceDirectory C:\Users\cloud\OneDrive\Desktop\Epicode corso\CapstoneProject\epicode_capstone_project\backend2\capstone-test\src\test\resources
2023-05-31 12:09:08,807 [Worker-65: Building] INFO  o.a.m.s.f.DefaultMavenResourcesFiltering - Copying 1 resource from src\main\resources to target\classes
2023-05-31 12:09:08,810 [Worker-65: Building] INFO  o.a.m.s.f.DefaultMavenResourcesFiltering - Copying 0 resource from src\main\resources to target\classes
2023-05-31 12:09:08,812 [Worker-65: Building] INFO  o.a.m.s.f.DefaultMavenResourcesFiltering - skip non existing resourceDirectory C:\Users\cloud\OneDrive\Desktop\Epicode corso\CapstoneProject\epicode_capstone_project\backend2\capstone-test\src\test\resources
2023-05-31 12:09:38,920 [Worker-67: Building] INFO  o.a.m.s.f.DefaultMavenResourcesFiltering - Copying 1 resource from src\main\resources to target\classes
2023-05-31 12:09:38,923 [Worker-67: Building] INFO  o.a.m.s.f.DefaultMavenResourcesFiltering - Copying 0 resource from src\main\resources to target\classes
2023-05-31 12:09:38,926 [Worker-67: Building] INFO  o.a.m.s.f.DefaultMavenResourcesFiltering - skip non existing resourceDirectory C:\Users\cloud\OneDrive\Desktop\Epicode corso\CapstoneProject\epicode_capstone_project\backend2\capstone-test\src\test\resources
2023-05-31 12:10:32,734 [Worker-67: Building] INFO  o.a.m.s.f.DefaultMavenResourcesFiltering - Copying 1 resource from src\main\resources to target\classes
2023-05-31 12:10:32,738 [Worker-67: Building] INFO  o.a.m.s.f.DefaultMavenResourcesFiltering - Copying 0 resource from src\main\resources to target\classes
2023-05-31 12:10:32,739 [Worker-67: Building] INFO  o.a.m.s.f.DefaultMavenResourcesFiltering - skip non existing resourceDirectory C:\Users\cloud\OneDrive\Desktop\Epicode corso\CapstoneProject\epicode_capstone_project\backend2\capstone-test\src\test\resources
2023-05-31 12:15:32,851 [Worker-68: Building] INFO  o.a.m.s.f.DefaultMavenResourcesFiltering - Copying 1 resource from src\main\resources to target\classes
2023-05-31 12:15:32,853 [Worker-68: Building] INFO  o.a.m.s.f.DefaultMavenResourcesFiltering - Copying 0 resource from src\main\resources to target\classes
2023-05-31 12:15:32,856 [Worker-68: Building] INFO  o.a.m.s.f.DefaultMavenResourcesFiltering - skip non existing resourceDirectory C:\Users\cloud\OneDrive\Desktop\Epicode corso\CapstoneProject\epicode_capstone_project\backend2\capstone-test\src\test\resources
2023-05-31 12:20:37,584 [Worker-72: Building] INFO  o.a.m.s.f.DefaultMavenResourcesFiltering - Copying 1 resource from src\main\resources to target\classes
2023-05-31 12:20:37,588 [Worker-72: Building] INFO  o.a.m.s.f.DefaultMavenResourcesFiltering - Copying 0 resource from src\main\resources to target\classes
2023-05-31 12:20:37,590 [Worker-72: Building] INFO  o.a.m.s.f.DefaultMavenResourcesFiltering - skip non existing resourceDirectory C:\Users\cloud\OneDrive\Desktop\Epicode corso\CapstoneProject\epicode_capstone_project\backend2\capstone-test\src\test\resources
2023-05-31 12:22:17,784 [Worker-69: Building] INFO  o.a.m.s.f.DefaultMavenResourcesFiltering - Copying 1 resource from src\main\resources to target\classes
2023-05-31 12:22:17,789 [Worker-69: Building] INFO  o.a.m.s.f.DefaultMavenResourcesFiltering - Copying 0 resource from src\main\resources to target\classes
2023-05-31 12:22:17,791 [Worker-69: Building] INFO  o.a.m.s.f.DefaultMavenResourcesFiltering - skip non existing resourceDirectory C:\Users\cloud\OneDrive\Desktop\Epicode corso\CapstoneProject\epicode_capstone_project\backend2\capstone-test\src\test\resources
2023-05-31 12:23:13,884 [Worker-73: Building] INFO  o.a.m.s.f.DefaultMavenResourcesFiltering - Copying 1 resource from src\main\resources to target\classes
2023-05-31 12:23:13,887 [Worker-73: Building] INFO  o.a.m.s.f.DefaultMavenResourcesFiltering - Copying 0 resource from src\main\resources to target\classes
2023-05-31 12:23:13,889 [Worker-73: Building] INFO  o.a.m.s.f.DefaultMavenResourcesFiltering - skip non existing resourceDirectory C:\Users\cloud\OneDrive\Desktop\Epicode corso\CapstoneProject\epicode_capstone_project\backend2\capstone-test\src\test\resources
2023-05-31 12:26:59,204 [Worker-74: Building] INFO  o.a.m.s.f.DefaultMavenResourcesFiltering - Copying 1 resource from src\main\resources to target\classes
2023-05-31 12:26:59,207 [Worker-74: Building] INFO  o.a.m.s.f.DefaultMavenResourcesFiltering - Copying 0 resource from src\main\resources to target\classes
2023-05-31 12:26:59,209 [Worker-74: Building] INFO  o.a.m.s.f.DefaultMavenResourcesFiltering - skip non existing resourceDirectory C:\Users\cloud\OneDrive\Desktop\Epicode corso\CapstoneProject\epicode_capstone_project\backend2\capstone-test\src\test\resources
2023-05-31 12:29:24,495 [Worker-74: Building] INFO  o.a.m.s.f.DefaultMavenResourcesFiltering - Copying 1 resource from src\main\resources to target\classes
2023-05-31 12:29:24,499 [Worker-74: Building] INFO  o.a.m.s.f.DefaultMavenResourcesFiltering - Copying 0 resource from src\main\resources to target\classes
2023-05-31 12:29:24,502 [Worker-74: Building] INFO  o.a.m.s.f.DefaultMavenResourcesFiltering - skip non existing resourceDirectory C:\Users\cloud\OneDrive\Desktop\Epicode corso\CapstoneProject\epicode_capstone_project\backend2\capstone-test\src\test\resources
2023-05-31 12:29:57,299 [Worker-75: Building] INFO  o.a.m.s.f.DefaultMavenResourcesFiltering - Copying 1 resource from src\main\resources to target\classes
2023-05-31 12:29:57,303 [Worker-75: Building] INFO  o.a.m.s.f.DefaultMavenResourcesFiltering - Copying 0 resource from src\main\resources to target\classes
2023-05-31 12:29:57,306 [Worker-75: Building] INFO  o.a.m.s.f.DefaultMavenResourcesFiltering - skip non existing resourceDirectory C:\Users\cloud\OneDrive\Desktop\Epicode corso\CapstoneProject\epicode_capstone_project\backend2\capstone-test\src\test\resources
2023-05-31 12:34:01,382 [Worker-75: Building] INFO  o.a.m.s.f.DefaultMavenResourcesFiltering - Copying 1 resource from src\main\resources to target\classes
2023-05-31 12:34:01,384 [Worker-75: Building] INFO  o.a.m.s.f.DefaultMavenResourcesFiltering - Copying 0 resource from src\main\resources to target\classes
2023-05-31 12:34:01,387 [Worker-75: Building] INFO  o.a.m.s.f.DefaultMavenResourcesFiltering - skip non existing resourceDirectory C:\Users\cloud\OneDrive\Desktop\Epicode corso\CapstoneProject\epicode_capstone_project\backend2\capstone-test\src\test\resources
2023-05-31 12:34:38,658 [Worker-75: Building] INFO  o.a.m.s.f.DefaultMavenResourcesFiltering - Copying 1 resource from src\main\resources to target\classes
2023-05-31 12:34:38,661 [Worker-75: Building] INFO  o.a.m.s.f.DefaultMavenResourcesFiltering - Copying 0 resource from src\main\resources to target\classes
2023-05-31 12:34:38,663 [Worker-75: Building] INFO  o.a.m.s.f.DefaultMavenResourcesFiltering - skip non existing resourceDirectory C:\Users\cloud\OneDrive\Desktop\Epicode corso\CapstoneProject\epicode_capstone_project\backend2\capstone-test\src\test\resources
2023-05-31 12:41:57,645 [Worker-81: Building] INFO  o.a.m.s.f.DefaultMavenResourcesFiltering - Copying 1 resource from src\main\resources to target\classes
2023-05-31 12:41:57,649 [Worker-81: Building] INFO  o.a.m.s.f.DefaultMavenResourcesFiltering - Copying 0 resource from src\main\resources to target\classes
2023-05-31 12:41:57,650 [Worker-81: Building] INFO  o.a.m.s.f.DefaultMavenResourcesFiltering - skip non existing resourceDirectory C:\Users\cloud\OneDrive\Desktop\Epicode corso\CapstoneProject\epicode_capstone_project\backend2\capstone-test\src\test\resources
2023-05-31 12:43:35,108 [Worker-53: Building] INFO  o.a.m.s.f.DefaultMavenResourcesFiltering - Copying 1 resource from src\main\resources to target\classes
2023-05-31 12:43:35,111 [Worker-53: Building] INFO  o.a.m.s.f.DefaultMavenResourcesFiltering - Copying 0 resource from src\main\resources to target\classes
2023-05-31 12:43:35,113 [Worker-53: Building] INFO  o.a.m.s.f.DefaultMavenResourcesFiltering - skip non existing resourceDirectory C:\Users\cloud\OneDrive\Desktop\Epicode corso\CapstoneProject\epicode_capstone_project\backend2\capstone-test\src\test\resources
2023-05-31 19:43:22,320 [Worker-8: Loading available Gradle versions] INFO  o.e.b.c.i.u.g.PublishedGradleVersions - Gradle version information cache is out-of-date. Trying to update.
2023-06-01 09:20:20,519 [Worker-6: Loading available Gradle versions] INFO  o.e.b.c.i.u.g.PublishedGradleVersions - Gradle version information cache is up-to-date. Trying to read.
2023-06-01 13:09:15,205 [Worker-7: Loading available Gradle versions] INFO  o.e.b.c.i.u.g.PublishedGradleVersions - Gradle version information cache is up-to-date. Trying to read.
