2023-05-09 09:06:51,792 [Worker-6: Loading available Gradle versions] INFO  o.e.b.c.i.u.g.PublishedGradleVersions - Gradle version information cache is up-to-date. Trying to read.
2023-05-09 09:11:45,346 [Worker-8: Import Getting Started Content] INFO  o.e.m.c.i.l.LifecycleMappingFactory - Using org.eclipse.m2e.jdt.JarLifecycleMapping lifecycle mapping for MavenProject: epicode.capstone:epicode.capstone:0.0.1-SNAPSHOT @ C:\Users\cloud\OneDrive\Desktop\Epicode corso\CapstoneProject\epicode_capstone_project\backend\epicode.capstone\pom.xml.
2023-05-09 09:11:47,484 [Worker-8: Import Getting Started Content] INFO  o.e.m.j.i.AbstractJavaProjectConfigurator - Adding source folder /epicode.capstone/src/main/java
2023-05-09 09:11:47,484 [Worker-8: Import Getting Started Content] INFO  o.e.m.j.i.AbstractJavaProjectConfigurator - Adding resource folder /epicode.capstone/src/main/resources
2023-05-09 09:11:47,492 [Worker-8: Import Getting Started Content] INFO  o.e.m.j.i.AbstractJavaProjectConfigurator - Adding resource folder /epicode.capstone/src/main/resources
2023-05-09 09:11:47,499 [Worker-8: Import Getting Started Content] INFO  o.e.m.j.i.AbstractJavaProjectConfigurator - Adding source folder /epicode.capstone/src/test/java
2023-05-09 09:11:48,972 [Worker-8: Import Getting Started Content] INFO  o.e.m.c.i.p.ProjectConfigurationManager - Imported and configured 1 project(s) in 5 sec
2023-05-09 09:11:48,979 [Worker-8: Import Getting Started Content] INFO  o.e.m.c.i.p.ProjectConfigurationManager - Update started
2023-05-09 09:11:49,151 [Worker-8: Import Getting Started Content] INFO  o.e.m.c.i.l.LifecycleMappingFactory - Using org.eclipse.m2e.jdt.JarLifecycleMapping lifecycle mapping for MavenProject: epicode.capstone:epicode.capstone:0.0.1-SNAPSHOT @ C:\Users\cloud\OneDrive\Desktop\Epicode corso\CapstoneProject\epicode_capstone_project\backend\epicode.capstone\pom.xml.
2023-05-09 09:11:49,510 [Worker-8: Import Getting Started Content] INFO  o.e.m.j.i.AbstractJavaProjectConfigurator - Adding source folder /epicode.capstone/src/main/java
2023-05-09 09:11:49,511 [Worker-8: Import Getting Started Content] INFO  o.e.m.j.i.AbstractJavaProjectConfigurator - Adding resource folder /epicode.capstone/src/main/resources
2023-05-09 09:11:49,511 [Worker-8: Import Getting Started Content] INFO  o.e.m.j.i.AbstractJavaProjectConfigurator - Adding resource folder /epicode.capstone/src/main/resources
2023-05-09 09:11:49,512 [Worker-8: Import Getting Started Content] INFO  o.e.m.j.i.AbstractJavaProjectConfigurator - Adding source folder /epicode.capstone/src/test/java
2023-05-09 09:11:50,068 [Worker-8: Import Getting Started Content] INFO  o.e.m.c.i.p.ProjectConfigurationManager - Update completed for 1 poms: local refresh takes 0,00 sec, refresh facades takes 0,00 sec, update config takes 0,00 sec 
2023-05-09 09:14:32,119 [Worker-40: Building] INFO  o.e.m.c.i.l.LifecycleMappingFactory - Using org.eclipse.m2e.jdt.JarLifecycleMapping lifecycle mapping for MavenProject: epicode.capstone:epicode.capstone:0.0.1-SNAPSHOT @ C:\Users\cloud\OneDrive\Desktop\Epicode corso\CapstoneProject\epicode_capstone_project\backend\epicode.capstone\pom.xml.
2023-05-09 09:14:32,395 [Worker-40: Building] INFO  o.a.m.s.f.DefaultMavenResourcesFiltering - Copying 0 resource from src\main\resources to target\classes
2023-05-09 09:14:32,395 [Worker-40: Building] INFO  o.a.m.s.f.DefaultMavenResourcesFiltering - Copying 0 resource from src\main\resources to target\classes
2023-05-09 09:14:32,398 [Worker-40: Building] INFO  o.a.m.s.f.DefaultMavenResourcesFiltering - skip non existing resourceDirectory C:\Users\cloud\OneDrive\Desktop\Epicode corso\CapstoneProject\epicode_capstone_project\backend\epicode.capstone\src\test\resources
2023-05-09 09:14:33,727 [Worker-43: Building] INFO  o.a.m.s.f.DefaultMavenResourcesFiltering - Copying 1 resource from src\main\resources to target\classes
2023-05-09 09:14:33,739 [Worker-43: Building] INFO  o.a.m.s.f.DefaultMavenResourcesFiltering - Copying 0 resource from src\main\resources to target\classes
2023-05-09 09:14:33,741 [Worker-43: Building] INFO  o.a.m.s.f.DefaultMavenResourcesFiltering - skip non existing resourceDirectory C:\Users\cloud\OneDrive\Desktop\Epicode corso\CapstoneProject\epicode_capstone_project\backend\epicode.capstone\src\test\resources
2023-05-09 09:15:13,395 [Worker-39: Building] INFO  o.a.m.s.f.DefaultMavenResourcesFiltering - Copying 1 resource from src\main\resources to target\classes
2023-05-09 09:15:13,399 [Worker-39: Building] INFO  o.a.m.s.f.DefaultMavenResourcesFiltering - Copying 0 resource from src\main\resources to target\classes
2023-05-09 09:15:13,402 [Worker-39: Building] INFO  o.a.m.s.f.DefaultMavenResourcesFiltering - skip non existing resourceDirectory C:\Users\cloud\OneDrive\Desktop\Epicode corso\CapstoneProject\epicode_capstone_project\backend\epicode.capstone\src\test\resources
2023-05-09 09:15:44,480 [Worker-42: Building] INFO  o.a.m.s.f.DefaultMavenResourcesFiltering - Copying 1 resource from src\main\resources to target\classes
2023-05-09 09:15:44,483 [Worker-42: Building] INFO  o.a.m.s.f.DefaultMavenResourcesFiltering - Copying 0 resource from src\main\resources to target\classes
2023-05-09 09:15:44,485 [Worker-42: Building] INFO  o.a.m.s.f.DefaultMavenResourcesFiltering - skip non existing resourceDirectory C:\Users\cloud\OneDrive\Desktop\Epicode corso\CapstoneProject\epicode_capstone_project\backend\epicode.capstone\src\test\resources
2023-05-09 09:19:36,429 [Worker-42: Building] INFO  o.a.m.s.f.DefaultMavenResourcesFiltering - Copying 1 resource from src\main\resources to target\classes
2023-05-09 09:19:36,477 [Worker-42: Building] INFO  o.a.m.s.f.DefaultMavenResourcesFiltering - Copying 0 resource from src\main\resources to target\classes
2023-05-09 09:19:36,480 [Worker-42: Building] INFO  o.a.m.s.f.DefaultMavenResourcesFiltering - skip non existing resourceDirectory C:\Users\cloud\OneDrive\Desktop\Epicode corso\CapstoneProject\epicode_capstone_project\backend\epicode.capstone\src\test\resources
2023-05-09 09:25:07,673 [Worker-49: Building] INFO  o.a.m.s.f.DefaultMavenResourcesFiltering - Copying 1 resource from src\main\resources to target\classes
2023-05-09 09:25:07,678 [Worker-49: Building] INFO  o.a.m.s.f.DefaultMavenResourcesFiltering - Copying 0 resource from src\main\resources to target\classes
2023-05-09 09:25:07,682 [Worker-49: Building] INFO  o.a.m.s.f.DefaultMavenResourcesFiltering - skip non existing resourceDirectory C:\Users\cloud\OneDrive\Desktop\Epicode corso\CapstoneProject\epicode_capstone_project\backend\epicode.capstone\src\test\resources
2023-05-09 09:25:15,725 [Worker-49: Launching epicode.capstone - Application] INFO  o.a.m.s.f.DefaultMavenResourcesFiltering - Copying 1 resource from src\main\resources to target\classes
2023-05-09 09:25:15,730 [Worker-49: Launching epicode.capstone - Application] INFO  o.a.m.s.f.DefaultMavenResourcesFiltering - Copying 0 resource from src\main\resources to target\classes
2023-05-09 09:25:15,733 [Worker-49: Launching epicode.capstone - Application] INFO  o.a.m.s.f.DefaultMavenResourcesFiltering - skip non existing resourceDirectory C:\Users\cloud\OneDrive\Desktop\Epicode corso\CapstoneProject\epicode_capstone_project\backend\epicode.capstone\src\test\resources
2023-05-09 09:32:02,912 [Worker-59: Building] INFO  o.a.m.s.f.DefaultMavenResourcesFiltering - Copying 1 resource from src\main\resources to target\classes
2023-05-09 09:32:02,916 [Worker-59: Building] INFO  o.a.m.s.f.DefaultMavenResourcesFiltering - Copying 0 resource from src\main\resources to target\classes
2023-05-09 09:32:02,922 [Worker-59: Building] INFO  o.a.m.s.f.DefaultMavenResourcesFiltering - skip non existing resourceDirectory C:\Users\cloud\OneDrive\Desktop\Epicode corso\CapstoneProject\epicode_capstone_project\backend\epicode.capstone\src\test\resources
2023-05-09 09:33:13,471 [Worker-62: Building] INFO  o.a.m.s.f.DefaultMavenResourcesFiltering - Copying 1 resource from src\main\resources to target\classes
2023-05-09 09:33:13,476 [Worker-62: Building] INFO  o.a.m.s.f.DefaultMavenResourcesFiltering - Copying 0 resource from src\main\resources to target\classes
2023-05-09 09:33:13,478 [Worker-62: Building] INFO  o.a.m.s.f.DefaultMavenResourcesFiltering - skip non existing resourceDirectory C:\Users\cloud\OneDrive\Desktop\Epicode corso\CapstoneProject\epicode_capstone_project\backend\epicode.capstone\src\test\resources
2023-05-09 09:38:19,430 [Worker-65: Building] INFO  o.a.m.s.f.DefaultMavenResourcesFiltering - Copying 1 resource from src\main\resources to target\classes
2023-05-09 09:38:19,433 [Worker-65: Building] INFO  o.a.m.s.f.DefaultMavenResourcesFiltering - Copying 0 resource from src\main\resources to target\classes
2023-05-09 09:38:19,436 [Worker-65: Building] INFO  o.a.m.s.f.DefaultMavenResourcesFiltering - skip non existing resourceDirectory C:\Users\cloud\OneDrive\Desktop\Epicode corso\CapstoneProject\epicode_capstone_project\backend\epicode.capstone\src\test\resources
2023-05-09 09:38:39,519 [Worker-66: Building] INFO  o.a.m.s.f.DefaultMavenResourcesFiltering - Copying 1 resource from src\main\resources to target\classes
2023-05-09 09:38:39,524 [Worker-66: Building] INFO  o.a.m.s.f.DefaultMavenResourcesFiltering - Copying 0 resource from src\main\resources to target\classes
2023-05-09 09:38:39,525 [Worker-66: Building] INFO  o.a.m.s.f.DefaultMavenResourcesFiltering - skip non existing resourceDirectory C:\Users\cloud\OneDrive\Desktop\Epicode corso\CapstoneProject\epicode_capstone_project\backend\epicode.capstone\src\test\resources
2023-05-09 09:40:41,113 [Worker-68: Building] INFO  o.a.m.s.f.DefaultMavenResourcesFiltering - Copying 1 resource from src\main\resources to target\classes
2023-05-09 09:40:41,118 [Worker-68: Building] INFO  o.a.m.s.f.DefaultMavenResourcesFiltering - Copying 0 resource from src\main\resources to target\classes
2023-05-09 09:40:41,122 [Worker-68: Building] INFO  o.a.m.s.f.DefaultMavenResourcesFiltering - skip non existing resourceDirectory C:\Users\cloud\OneDrive\Desktop\Epicode corso\CapstoneProject\epicode_capstone_project\backend\epicode.capstone\src\test\resources
2023-05-09 09:41:44,086 [Worker-67: Building] INFO  o.a.m.s.f.DefaultMavenResourcesFiltering - Copying 1 resource from src\main\resources to target\classes
2023-05-09 09:41:44,091 [Worker-67: Building] INFO  o.a.m.s.f.DefaultMavenResourcesFiltering - Copying 0 resource from src\main\resources to target\classes
2023-05-09 09:41:44,094 [Worker-67: Building] INFO  o.a.m.s.f.DefaultMavenResourcesFiltering - skip non existing resourceDirectory C:\Users\cloud\OneDrive\Desktop\Epicode corso\CapstoneProject\epicode_capstone_project\backend\epicode.capstone\src\test\resources
2023-05-09 09:53:15,784 [Worker-75: Building] INFO  o.a.m.s.f.DefaultMavenResourcesFiltering - Copying 1 resource from src\main\resources to target\classes
2023-05-09 09:53:15,788 [Worker-75: Building] INFO  o.a.m.s.f.DefaultMavenResourcesFiltering - Copying 0 resource from src\main\resources to target\classes
2023-05-09 09:53:15,790 [Worker-75: Building] INFO  o.a.m.s.f.DefaultMavenResourcesFiltering - skip non existing resourceDirectory C:\Users\cloud\OneDrive\Desktop\Epicode corso\CapstoneProject\epicode_capstone_project\backend\epicode.capstone\src\test\resources
2023-05-10 07:27:52,585 [Worker-4: Loading available Gradle versions] INFO  o.e.b.c.i.u.g.PublishedGradleVersions - Gradle version information cache is up-to-date. Trying to read.
2023-05-10 07:28:18,697 [Worker-14: Launching epicode.capstone - Application] INFO  o.a.m.s.f.DefaultMavenResourcesFiltering - Copying 1 resource from src\main\resources to target\classes
2023-05-10 07:28:18,713 [Worker-14: Launching epicode.capstone - Application] INFO  o.a.m.s.f.DefaultMavenResourcesFiltering - Copying 0 resource from src\main\resources to target\classes
2023-05-10 07:28:18,716 [Worker-14: Launching epicode.capstone - Application] INFO  o.a.m.s.f.DefaultMavenResourcesFiltering - skip non existing resourceDirectory C:\Users\cloud\OneDrive\Desktop\Epicode corso\CapstoneProject\epicode_capstone_project\backend\epicode.capstone\src\test\resources
2023-05-10 07:37:45,894 [Worker-43: Building] INFO  o.a.m.s.f.DefaultMavenResourcesFiltering - Copying 1 resource from src\main\resources to target\classes
2023-05-10 07:37:45,899 [Worker-43: Building] INFO  o.a.m.s.f.DefaultMavenResourcesFiltering - Copying 0 resource from src\main\resources to target\classes
2023-05-10 07:37:45,902 [Worker-43: Building] INFO  o.a.m.s.f.DefaultMavenResourcesFiltering - skip non existing resourceDirectory C:\Users\cloud\OneDrive\Desktop\Epicode corso\CapstoneProject\epicode_capstone_project\backend\epicode.capstone\src\test\resources
2023-05-10 07:38:02,422 [Worker-43: Building] INFO  o.a.m.s.f.DefaultMavenResourcesFiltering - Copying 1 resource from src\main\resources to target\classes
2023-05-10 07:38:02,431 [Worker-43: Building] INFO  o.a.m.s.f.DefaultMavenResourcesFiltering - Copying 0 resource from src\main\resources to target\classes
2023-05-10 07:38:02,433 [Worker-43: Building] INFO  o.a.m.s.f.DefaultMavenResourcesFiltering - skip non existing resourceDirectory C:\Users\cloud\OneDrive\Desktop\Epicode corso\CapstoneProject\epicode_capstone_project\backend\epicode.capstone\src\test\resources
2023-05-10 07:38:06,476 [Worker-41: Building] INFO  o.a.m.s.f.DefaultMavenResourcesFiltering - Copying 1 resource from src\main\resources to target\classes
2023-05-10 07:38:06,483 [Worker-41: Building] INFO  o.a.m.s.f.DefaultMavenResourcesFiltering - Copying 0 resource from src\main\resources to target\classes
2023-05-10 07:38:06,486 [Worker-41: Building] INFO  o.a.m.s.f.DefaultMavenResourcesFiltering - skip non existing resourceDirectory C:\Users\cloud\OneDrive\Desktop\Epicode corso\CapstoneProject\epicode_capstone_project\backend\epicode.capstone\src\test\resources
2023-05-10 07:38:31,065 [Worker-27: Building] INFO  o.a.m.s.f.DefaultMavenResourcesFiltering - Copying 1 resource from src\main\resources to target\classes
2023-05-10 07:38:31,067 [Worker-27: Building] INFO  o.a.m.s.f.DefaultMavenResourcesFiltering - Copying 0 resource from src\main\resources to target\classes
2023-05-10 07:38:31,069 [Worker-27: Building] INFO  o.a.m.s.f.DefaultMavenResourcesFiltering - skip non existing resourceDirectory C:\Users\cloud\OneDrive\Desktop\Epicode corso\CapstoneProject\epicode_capstone_project\backend\epicode.capstone\src\test\resources
2023-05-10 07:38:56,287 [Worker-41: Building] INFO  o.a.m.s.f.DefaultMavenResourcesFiltering - Copying 1 resource from src\main\resources to target\classes
2023-05-10 07:38:56,290 [Worker-41: Building] INFO  o.a.m.s.f.DefaultMavenResourcesFiltering - Copying 0 resource from src\main\resources to target\classes
2023-05-10 07:38:56,292 [Worker-41: Building] INFO  o.a.m.s.f.DefaultMavenResourcesFiltering - skip non existing resourceDirectory C:\Users\cloud\OneDrive\Desktop\Epicode corso\CapstoneProject\epicode_capstone_project\backend\epicode.capstone\src\test\resources
2023-05-11 11:55:45,045 [Worker-4: Loading available Gradle versions] INFO  o.e.b.c.i.u.g.PublishedGradleVersions - Gradle version information cache is out-of-date. Trying to update.
2023-05-11 12:00:45,428 [Worker-33: Building] INFO  o.a.m.s.f.DefaultMavenResourcesFiltering - Copying 1 resource from src\main\resources to target\classes
2023-05-11 12:00:45,447 [Worker-33: Building] INFO  o.a.m.s.f.DefaultMavenResourcesFiltering - Copying 0 resource from src\main\resources to target\classes
2023-05-11 12:00:45,450 [Worker-33: Building] INFO  o.a.m.s.f.DefaultMavenResourcesFiltering - skip non existing resourceDirectory C:\Users\cloud\OneDrive\Desktop\Epicode corso\CapstoneProject\epicode_capstone_project\backend\epicode.capstone\src\test\resources
2023-05-11 12:02:10,175 [Worker-33: Building] INFO  o.a.m.s.f.DefaultMavenResourcesFiltering - Copying 1 resource from src\main\resources to target\classes
2023-05-11 12:02:10,191 [Worker-33: Building] INFO  o.a.m.s.f.DefaultMavenResourcesFiltering - Copying 0 resource from src\main\resources to target\classes
2023-05-11 12:02:10,201 [Worker-33: Building] INFO  o.a.m.s.f.DefaultMavenResourcesFiltering - skip non existing resourceDirectory C:\Users\cloud\OneDrive\Desktop\Epicode corso\CapstoneProject\epicode_capstone_project\backend\epicode.capstone\src\test\resources
2023-05-11 12:02:11,699 [Worker-33: Building] INFO  o.a.m.s.f.DefaultMavenResourcesFiltering - Copying 1 resource from src\main\resources to target\classes
2023-05-11 12:02:11,703 [Worker-33: Building] INFO  o.a.m.s.f.DefaultMavenResourcesFiltering - Copying 0 resource from src\main\resources to target\classes
2023-05-11 12:02:11,706 [Worker-33: Building] INFO  o.a.m.s.f.DefaultMavenResourcesFiltering - skip non existing resourceDirectory C:\Users\cloud\OneDrive\Desktop\Epicode corso\CapstoneProject\epicode_capstone_project\backend\epicode.capstone\src\test\resources
2023-05-11 12:04:47,541 [Worker-42: Building] INFO  o.a.m.s.f.DefaultMavenResourcesFiltering - Copying 1 resource from src\main\resources to target\classes
2023-05-11 12:04:47,544 [Worker-42: Building] INFO  o.a.m.s.f.DefaultMavenResourcesFiltering - Copying 0 resource from src\main\resources to target\classes
2023-05-11 12:04:47,547 [Worker-42: Building] INFO  o.a.m.s.f.DefaultMavenResourcesFiltering - skip non existing resourceDirectory C:\Users\cloud\OneDrive\Desktop\Epicode corso\CapstoneProject\epicode_capstone_project\backend\epicode.capstone\src\test\resources
2023-05-11 12:06:01,160 [Worker-44: Building] INFO  o.a.m.s.f.DefaultMavenResourcesFiltering - Copying 1 resource from src\main\resources to target\classes
2023-05-11 12:06:01,162 [Worker-44: Building] INFO  o.a.m.s.f.DefaultMavenResourcesFiltering - Copying 0 resource from src\main\resources to target\classes
2023-05-11 12:06:01,165 [Worker-44: Building] INFO  o.a.m.s.f.DefaultMavenResourcesFiltering - skip non existing resourceDirectory C:\Users\cloud\OneDrive\Desktop\Epicode corso\CapstoneProject\epicode_capstone_project\backend\epicode.capstone\src\test\resources
2023-05-11 12:06:11,806 [Worker-44: Building] INFO  o.a.m.s.f.DefaultMavenResourcesFiltering - Copying 1 resource from src\main\resources to target\classes
2023-05-11 12:06:11,810 [Worker-44: Building] INFO  o.a.m.s.f.DefaultMavenResourcesFiltering - Copying 0 resource from src\main\resources to target\classes
2023-05-11 12:06:11,812 [Worker-44: Building] INFO  o.a.m.s.f.DefaultMavenResourcesFiltering - skip non existing resourceDirectory C:\Users\cloud\OneDrive\Desktop\Epicode corso\CapstoneProject\epicode_capstone_project\backend\epicode.capstone\src\test\resources
2023-05-11 12:06:22,307 [Worker-40: Building] INFO  o.a.m.s.f.DefaultMavenResourcesFiltering - Copying 1 resource from src\main\resources to target\classes
2023-05-11 12:06:22,315 [Worker-40: Building] INFO  o.a.m.s.f.DefaultMavenResourcesFiltering - Copying 0 resource from src\main\resources to target\classes
2023-05-11 12:06:22,318 [Worker-40: Building] INFO  o.a.m.s.f.DefaultMavenResourcesFiltering - skip non existing resourceDirectory C:\Users\cloud\OneDrive\Desktop\Epicode corso\CapstoneProject\epicode_capstone_project\backend\epicode.capstone\src\test\resources
2023-05-11 12:06:30,587 [Worker-42: Building] INFO  o.a.m.s.f.DefaultMavenResourcesFiltering - Copying 1 resource from src\main\resources to target\classes
2023-05-11 12:06:30,591 [Worker-42: Building] INFO  o.a.m.s.f.DefaultMavenResourcesFiltering - Copying 0 resource from src\main\resources to target\classes
2023-05-11 12:06:30,594 [Worker-42: Building] INFO  o.a.m.s.f.DefaultMavenResourcesFiltering - skip non existing resourceDirectory C:\Users\cloud\OneDrive\Desktop\Epicode corso\CapstoneProject\epicode_capstone_project\backend\epicode.capstone\src\test\resources
2023-05-11 12:06:45,175 [Worker-40: Building] INFO  o.a.m.s.f.DefaultMavenResourcesFiltering - Copying 1 resource from src\main\resources to target\classes
2023-05-11 12:06:45,180 [Worker-40: Building] INFO  o.a.m.s.f.DefaultMavenResourcesFiltering - Copying 0 resource from src\main\resources to target\classes
2023-05-11 12:06:45,183 [Worker-40: Building] INFO  o.a.m.s.f.DefaultMavenResourcesFiltering - skip non existing resourceDirectory C:\Users\cloud\OneDrive\Desktop\Epicode corso\CapstoneProject\epicode_capstone_project\backend\epicode.capstone\src\test\resources
2023-05-11 12:06:54,364 [Worker-44: Building] INFO  o.a.m.s.f.DefaultMavenResourcesFiltering - Copying 1 resource from src\main\resources to target\classes
2023-05-11 12:06:54,369 [Worker-44: Building] INFO  o.a.m.s.f.DefaultMavenResourcesFiltering - Copying 0 resource from src\main\resources to target\classes
2023-05-11 12:06:54,371 [Worker-44: Building] INFO  o.a.m.s.f.DefaultMavenResourcesFiltering - skip non existing resourceDirectory C:\Users\cloud\OneDrive\Desktop\Epicode corso\CapstoneProject\epicode_capstone_project\backend\epicode.capstone\src\test\resources
2023-05-11 12:07:29,156 [Worker-45: Building] INFO  o.a.m.s.f.DefaultMavenResourcesFiltering - Copying 1 resource from src\main\resources to target\classes
2023-05-11 12:07:29,160 [Worker-45: Building] INFO  o.a.m.s.f.DefaultMavenResourcesFiltering - Copying 0 resource from src\main\resources to target\classes
2023-05-11 12:07:29,164 [Worker-45: Building] INFO  o.a.m.s.f.DefaultMavenResourcesFiltering - skip non existing resourceDirectory C:\Users\cloud\OneDrive\Desktop\Epicode corso\CapstoneProject\epicode_capstone_project\backend\epicode.capstone\src\test\resources
2023-05-11 12:08:03,720 [Worker-42: Building] INFO  o.a.m.s.f.DefaultMavenResourcesFiltering - Copying 1 resource from src\main\resources to target\classes
2023-05-11 12:08:03,722 [Worker-42: Building] INFO  o.a.m.s.f.DefaultMavenResourcesFiltering - Copying 0 resource from src\main\resources to target\classes
2023-05-11 12:08:03,724 [Worker-42: Building] INFO  o.a.m.s.f.DefaultMavenResourcesFiltering - skip non existing resourceDirectory C:\Users\cloud\OneDrive\Desktop\Epicode corso\CapstoneProject\epicode_capstone_project\backend\epicode.capstone\src\test\resources
2023-05-11 12:09:03,113 [Worker-45: Building] INFO  o.a.m.s.f.DefaultMavenResourcesFiltering - Copying 1 resource from src\main\resources to target\classes
2023-05-11 12:09:03,115 [Worker-45: Building] INFO  o.a.m.s.f.DefaultMavenResourcesFiltering - Copying 0 resource from src\main\resources to target\classes
2023-05-11 12:09:03,117 [Worker-45: Building] INFO  o.a.m.s.f.DefaultMavenResourcesFiltering - skip non existing resourceDirectory C:\Users\cloud\OneDrive\Desktop\Epicode corso\CapstoneProject\epicode_capstone_project\backend\epicode.capstone\src\test\resources
2023-05-11 12:09:34,588 [Worker-44: Building] INFO  o.a.m.s.f.DefaultMavenResourcesFiltering - Copying 1 resource from src\main\resources to target\classes
2023-05-11 12:09:34,591 [Worker-44: Building] INFO  o.a.m.s.f.DefaultMavenResourcesFiltering - Copying 0 resource from src\main\resources to target\classes
2023-05-11 12:09:34,593 [Worker-44: Building] INFO  o.a.m.s.f.DefaultMavenResourcesFiltering - skip non existing resourceDirectory C:\Users\cloud\OneDrive\Desktop\Epicode corso\CapstoneProject\epicode_capstone_project\backend\epicode.capstone\src\test\resources
2023-05-11 12:09:49,386 [Worker-43: Building] INFO  o.a.m.s.f.DefaultMavenResourcesFiltering - Copying 1 resource from src\main\resources to target\classes
2023-05-11 12:09:49,389 [Worker-43: Building] INFO  o.a.m.s.f.DefaultMavenResourcesFiltering - Copying 0 resource from src\main\resources to target\classes
2023-05-11 12:09:49,393 [Worker-43: Building] INFO  o.a.m.s.f.DefaultMavenResourcesFiltering - skip non existing resourceDirectory C:\Users\cloud\OneDrive\Desktop\Epicode corso\CapstoneProject\epicode_capstone_project\backend\epicode.capstone\src\test\resources
2023-05-11 12:10:06,322 [Worker-43: Building] INFO  o.a.m.s.f.DefaultMavenResourcesFiltering - Copying 1 resource from src\main\resources to target\classes
2023-05-11 12:10:06,325 [Worker-43: Building] INFO  o.a.m.s.f.DefaultMavenResourcesFiltering - Copying 0 resource from src\main\resources to target\classes
2023-05-11 12:10:06,328 [Worker-43: Building] INFO  o.a.m.s.f.DefaultMavenResourcesFiltering - skip non existing resourceDirectory C:\Users\cloud\OneDrive\Desktop\Epicode corso\CapstoneProject\epicode_capstone_project\backend\epicode.capstone\src\test\resources
2023-05-11 12:10:24,422 [Worker-43: Building] INFO  o.a.m.s.f.DefaultMavenResourcesFiltering - Copying 1 resource from src\main\resources to target\classes
2023-05-11 12:10:24,425 [Worker-43: Building] INFO  o.a.m.s.f.DefaultMavenResourcesFiltering - Copying 0 resource from src\main\resources to target\classes
2023-05-11 12:10:24,427 [Worker-43: Building] INFO  o.a.m.s.f.DefaultMavenResourcesFiltering - skip non existing resourceDirectory C:\Users\cloud\OneDrive\Desktop\Epicode corso\CapstoneProject\epicode_capstone_project\backend\epicode.capstone\src\test\resources
2023-05-11 12:11:54,226 [Worker-40: Building] INFO  o.a.m.s.f.DefaultMavenResourcesFiltering - Copying 1 resource from src\main\resources to target\classes
2023-05-11 12:11:54,229 [Worker-40: Building] INFO  o.a.m.s.f.DefaultMavenResourcesFiltering - Copying 0 resource from src\main\resources to target\classes
2023-05-11 12:11:54,232 [Worker-40: Building] INFO  o.a.m.s.f.DefaultMavenResourcesFiltering - skip non existing resourceDirectory C:\Users\cloud\OneDrive\Desktop\Epicode corso\CapstoneProject\epicode_capstone_project\backend\epicode.capstone\src\test\resources
2023-05-11 12:12:13,507 [Worker-44: Building] INFO  o.a.m.s.f.DefaultMavenResourcesFiltering - Copying 1 resource from src\main\resources to target\classes
2023-05-11 12:12:13,511 [Worker-44: Building] INFO  o.a.m.s.f.DefaultMavenResourcesFiltering - Copying 0 resource from src\main\resources to target\classes
2023-05-11 12:12:13,513 [Worker-44: Building] INFO  o.a.m.s.f.DefaultMavenResourcesFiltering - skip non existing resourceDirectory C:\Users\cloud\OneDrive\Desktop\Epicode corso\CapstoneProject\epicode_capstone_project\backend\epicode.capstone\src\test\resources
2023-05-11 12:12:21,932 [Worker-42: Building] INFO  o.a.m.s.f.DefaultMavenResourcesFiltering - Copying 1 resource from src\main\resources to target\classes
2023-05-11 12:12:21,934 [Worker-42: Building] INFO  o.a.m.s.f.DefaultMavenResourcesFiltering - Copying 0 resource from src\main\resources to target\classes
2023-05-11 12:12:21,936 [Worker-42: Building] INFO  o.a.m.s.f.DefaultMavenResourcesFiltering - skip non existing resourceDirectory C:\Users\cloud\OneDrive\Desktop\Epicode corso\CapstoneProject\epicode_capstone_project\backend\epicode.capstone\src\test\resources
2023-05-11 12:12:27,095 [Worker-44: Building] INFO  o.a.m.s.f.DefaultMavenResourcesFiltering - Copying 1 resource from src\main\resources to target\classes
2023-05-11 12:12:27,097 [Worker-44: Building] INFO  o.a.m.s.f.DefaultMavenResourcesFiltering - Copying 0 resource from src\main\resources to target\classes
2023-05-11 12:12:27,100 [Worker-44: Building] INFO  o.a.m.s.f.DefaultMavenResourcesFiltering - skip non existing resourceDirectory C:\Users\cloud\OneDrive\Desktop\Epicode corso\CapstoneProject\epicode_capstone_project\backend\epicode.capstone\src\test\resources
2023-05-11 12:12:38,262 [Worker-45: Building] INFO  o.a.m.s.f.DefaultMavenResourcesFiltering - Copying 1 resource from src\main\resources to target\classes
2023-05-11 12:12:38,273 [Worker-45: Building] INFO  o.a.m.s.f.DefaultMavenResourcesFiltering - Copying 0 resource from src\main\resources to target\classes
2023-05-11 12:12:38,276 [Worker-45: Building] INFO  o.a.m.s.f.DefaultMavenResourcesFiltering - skip non existing resourceDirectory C:\Users\cloud\OneDrive\Desktop\Epicode corso\CapstoneProject\epicode_capstone_project\backend\epicode.capstone\src\test\resources
2023-05-11 12:12:41,681 [Worker-40: Building] INFO  o.a.m.s.f.DefaultMavenResourcesFiltering - Copying 1 resource from src\main\resources to target\classes
2023-05-11 12:12:41,682 [Worker-40: Building] INFO  o.a.m.s.f.DefaultMavenResourcesFiltering - Copying 0 resource from src\main\resources to target\classes
2023-05-11 12:12:41,684 [Worker-40: Building] INFO  o.a.m.s.f.DefaultMavenResourcesFiltering - skip non existing resourceDirectory C:\Users\cloud\OneDrive\Desktop\Epicode corso\CapstoneProject\epicode_capstone_project\backend\epicode.capstone\src\test\resources
2023-05-11 12:13:31,395 [Worker-44: Building] INFO  o.a.m.s.f.DefaultMavenResourcesFiltering - Copying 1 resource from src\main\resources to target\classes
2023-05-11 12:13:31,398 [Worker-44: Building] INFO  o.a.m.s.f.DefaultMavenResourcesFiltering - Copying 0 resource from src\main\resources to target\classes
2023-05-11 12:13:31,400 [Worker-44: Building] INFO  o.a.m.s.f.DefaultMavenResourcesFiltering - skip non existing resourceDirectory C:\Users\cloud\OneDrive\Desktop\Epicode corso\CapstoneProject\epicode_capstone_project\backend\epicode.capstone\src\test\resources
2023-05-11 12:13:40,190 [Worker-47: Building] INFO  o.a.m.s.f.DefaultMavenResourcesFiltering - Copying 1 resource from src\main\resources to target\classes
2023-05-11 12:13:40,195 [Worker-47: Building] INFO  o.a.m.s.f.DefaultMavenResourcesFiltering - Copying 0 resource from src\main\resources to target\classes
2023-05-11 12:13:40,197 [Worker-47: Building] INFO  o.a.m.s.f.DefaultMavenResourcesFiltering - skip non existing resourceDirectory C:\Users\cloud\OneDrive\Desktop\Epicode corso\CapstoneProject\epicode_capstone_project\backend\epicode.capstone\src\test\resources
2023-05-11 12:14:06,156 [Worker-42: Building] INFO  o.a.m.s.f.DefaultMavenResourcesFiltering - Copying 1 resource from src\main\resources to target\classes
2023-05-11 12:14:06,158 [Worker-42: Building] INFO  o.a.m.s.f.DefaultMavenResourcesFiltering - Copying 0 resource from src\main\resources to target\classes
2023-05-11 12:14:06,160 [Worker-42: Building] INFO  o.a.m.s.f.DefaultMavenResourcesFiltering - skip non existing resourceDirectory C:\Users\cloud\OneDrive\Desktop\Epicode corso\CapstoneProject\epicode_capstone_project\backend\epicode.capstone\src\test\resources
2023-05-11 12:14:08,980 [Worker-40: Building] INFO  o.a.m.s.f.DefaultMavenResourcesFiltering - Copying 1 resource from src\main\resources to target\classes
2023-05-11 12:14:08,987 [Worker-40: Building] INFO  o.a.m.s.f.DefaultMavenResourcesFiltering - Copying 0 resource from src\main\resources to target\classes
2023-05-11 12:14:08,989 [Worker-40: Building] INFO  o.a.m.s.f.DefaultMavenResourcesFiltering - skip non existing resourceDirectory C:\Users\cloud\OneDrive\Desktop\Epicode corso\CapstoneProject\epicode_capstone_project\backend\epicode.capstone\src\test\resources
2023-05-11 12:15:49,505 [Worker-50: Building] INFO  o.a.m.s.f.DefaultMavenResourcesFiltering - Copying 1 resource from src\main\resources to target\classes
2023-05-11 12:15:49,508 [Worker-50: Building] INFO  o.a.m.s.f.DefaultMavenResourcesFiltering - Copying 0 resource from src\main\resources to target\classes
2023-05-11 12:15:49,510 [Worker-50: Building] INFO  o.a.m.s.f.DefaultMavenResourcesFiltering - skip non existing resourceDirectory C:\Users\cloud\OneDrive\Desktop\Epicode corso\CapstoneProject\epicode_capstone_project\backend\epicode.capstone\src\test\resources
2023-05-11 12:16:22,037 [Worker-49: Building] INFO  o.a.m.s.f.DefaultMavenResourcesFiltering - Copying 1 resource from src\main\resources to target\classes
2023-05-11 12:16:22,039 [Worker-49: Building] INFO  o.a.m.s.f.DefaultMavenResourcesFiltering - Copying 0 resource from src\main\resources to target\classes
2023-05-11 12:16:22,041 [Worker-49: Building] INFO  o.a.m.s.f.DefaultMavenResourcesFiltering - skip non existing resourceDirectory C:\Users\cloud\OneDrive\Desktop\Epicode corso\CapstoneProject\epicode_capstone_project\backend\epicode.capstone\src\test\resources
2023-05-11 12:16:28,953 [Worker-50: Building] INFO  o.a.m.s.f.DefaultMavenResourcesFiltering - Copying 1 resource from src\main\resources to target\classes
2023-05-11 12:16:28,956 [Worker-50: Building] INFO  o.a.m.s.f.DefaultMavenResourcesFiltering - Copying 0 resource from src\main\resources to target\classes
2023-05-11 12:16:28,959 [Worker-50: Building] INFO  o.a.m.s.f.DefaultMavenResourcesFiltering - skip non existing resourceDirectory C:\Users\cloud\OneDrive\Desktop\Epicode corso\CapstoneProject\epicode_capstone_project\backend\epicode.capstone\src\test\resources
2023-05-11 12:17:57,724 [Worker-52: Building] INFO  o.a.m.s.f.DefaultMavenResourcesFiltering - Copying 1 resource from src\main\resources to target\classes
2023-05-11 12:17:57,728 [Worker-52: Building] INFO  o.a.m.s.f.DefaultMavenResourcesFiltering - Copying 0 resource from src\main\resources to target\classes
2023-05-11 12:17:57,730 [Worker-52: Building] INFO  o.a.m.s.f.DefaultMavenResourcesFiltering - skip non existing resourceDirectory C:\Users\cloud\OneDrive\Desktop\Epicode corso\CapstoneProject\epicode_capstone_project\backend\epicode.capstone\src\test\resources
2023-05-11 12:18:48,058 [Worker-52: Building] INFO  o.a.m.s.f.DefaultMavenResourcesFiltering - Copying 1 resource from src\main\resources to target\classes
2023-05-11 12:18:48,062 [Worker-52: Building] INFO  o.a.m.s.f.DefaultMavenResourcesFiltering - Copying 0 resource from src\main\resources to target\classes
2023-05-11 12:18:48,063 [Worker-52: Building] INFO  o.a.m.s.f.DefaultMavenResourcesFiltering - skip non existing resourceDirectory C:\Users\cloud\OneDrive\Desktop\Epicode corso\CapstoneProject\epicode_capstone_project\backend\epicode.capstone\src\test\resources
2023-05-11 12:20:14,312 [Worker-50: Building] INFO  o.a.m.s.f.DefaultMavenResourcesFiltering - Copying 1 resource from src\main\resources to target\classes
2023-05-11 12:20:14,315 [Worker-50: Building] INFO  o.a.m.s.f.DefaultMavenResourcesFiltering - Copying 0 resource from src\main\resources to target\classes
2023-05-11 12:20:14,318 [Worker-50: Building] INFO  o.a.m.s.f.DefaultMavenResourcesFiltering - skip non existing resourceDirectory C:\Users\cloud\OneDrive\Desktop\Epicode corso\CapstoneProject\epicode_capstone_project\backend\epicode.capstone\src\test\resources
2023-05-11 12:20:31,689 [Worker-47: Building] INFO  o.a.m.s.f.DefaultMavenResourcesFiltering - Copying 1 resource from src\main\resources to target\classes
2023-05-11 12:20:31,692 [Worker-47: Building] INFO  o.a.m.s.f.DefaultMavenResourcesFiltering - Copying 0 resource from src\main\resources to target\classes
2023-05-11 12:20:31,694 [Worker-47: Building] INFO  o.a.m.s.f.DefaultMavenResourcesFiltering - skip non existing resourceDirectory C:\Users\cloud\OneDrive\Desktop\Epicode corso\CapstoneProject\epicode_capstone_project\backend\epicode.capstone\src\test\resources
2023-05-11 12:21:08,642 [Worker-52: Building] INFO  o.a.m.s.f.DefaultMavenResourcesFiltering - Copying 1 resource from src\main\resources to target\classes
2023-05-11 12:21:08,645 [Worker-52: Building] INFO  o.a.m.s.f.DefaultMavenResourcesFiltering - Copying 0 resource from src\main\resources to target\classes
2023-05-11 12:21:08,647 [Worker-52: Building] INFO  o.a.m.s.f.DefaultMavenResourcesFiltering - skip non existing resourceDirectory C:\Users\cloud\OneDrive\Desktop\Epicode corso\CapstoneProject\epicode_capstone_project\backend\epicode.capstone\src\test\resources
2023-05-11 12:21:14,087 [Worker-47: Building] INFO  o.a.m.s.f.DefaultMavenResourcesFiltering - Copying 1 resource from src\main\resources to target\classes
2023-05-11 12:21:14,090 [Worker-47: Building] INFO  o.a.m.s.f.DefaultMavenResourcesFiltering - Copying 0 resource from src\main\resources to target\classes
2023-05-11 12:21:14,093 [Worker-47: Building] INFO  o.a.m.s.f.DefaultMavenResourcesFiltering - skip non existing resourceDirectory C:\Users\cloud\OneDrive\Desktop\Epicode corso\CapstoneProject\epicode_capstone_project\backend\epicode.capstone\src\test\resources
2023-05-11 12:21:17,965 [Worker-47: Building] INFO  o.a.m.s.f.DefaultMavenResourcesFiltering - Copying 1 resource from src\main\resources to target\classes
2023-05-11 12:21:17,967 [Worker-47: Building] INFO  o.a.m.s.f.DefaultMavenResourcesFiltering - Copying 0 resource from src\main\resources to target\classes
2023-05-11 12:21:17,969 [Worker-47: Building] INFO  o.a.m.s.f.DefaultMavenResourcesFiltering - skip non existing resourceDirectory C:\Users\cloud\OneDrive\Desktop\Epicode corso\CapstoneProject\epicode_capstone_project\backend\epicode.capstone\src\test\resources
2023-05-11 12:21:25,836 [Worker-50: Building] INFO  o.a.m.s.f.DefaultMavenResourcesFiltering - Copying 1 resource from src\main\resources to target\classes
2023-05-11 12:21:25,838 [Worker-50: Building] INFO  o.a.m.s.f.DefaultMavenResourcesFiltering - Copying 0 resource from src\main\resources to target\classes
2023-05-11 12:21:25,840 [Worker-50: Building] INFO  o.a.m.s.f.DefaultMavenResourcesFiltering - skip non existing resourceDirectory C:\Users\cloud\OneDrive\Desktop\Epicode corso\CapstoneProject\epicode_capstone_project\backend\epicode.capstone\src\test\resources
2023-05-11 12:23:40,508 [Worker-48: Building] INFO  o.a.m.s.f.DefaultMavenResourcesFiltering - Copying 1 resource from src\main\resources to target\classes
2023-05-11 12:23:40,510 [Worker-48: Building] INFO  o.a.m.s.f.DefaultMavenResourcesFiltering - Copying 0 resource from src\main\resources to target\classes
2023-05-11 12:23:40,513 [Worker-48: Building] INFO  o.a.m.s.f.DefaultMavenResourcesFiltering - skip non existing resourceDirectory C:\Users\cloud\OneDrive\Desktop\Epicode corso\CapstoneProject\epicode_capstone_project\backend\epicode.capstone\src\test\resources
2023-05-11 12:37:48,744 [Worker-54: Building] INFO  o.a.m.s.f.DefaultMavenResourcesFiltering - Copying 1 resource from src\main\resources to target\classes
2023-05-11 12:37:48,749 [Worker-54: Building] INFO  o.a.m.s.f.DefaultMavenResourcesFiltering - Copying 0 resource from src\main\resources to target\classes
2023-05-11 12:37:48,750 [Worker-54: Building] INFO  o.a.m.s.f.DefaultMavenResourcesFiltering - skip non existing resourceDirectory C:\Users\cloud\OneDrive\Desktop\Epicode corso\CapstoneProject\epicode_capstone_project\backend\epicode.capstone\src\test\resources
2023-05-11 12:38:07,203 [Worker-52: Building] INFO  o.a.m.s.f.DefaultMavenResourcesFiltering - Copying 1 resource from src\main\resources to target\classes
2023-05-11 12:38:07,206 [Worker-52: Building] INFO  o.a.m.s.f.DefaultMavenResourcesFiltering - Copying 0 resource from src\main\resources to target\classes
2023-05-11 12:38:07,208 [Worker-52: Building] INFO  o.a.m.s.f.DefaultMavenResourcesFiltering - skip non existing resourceDirectory C:\Users\cloud\OneDrive\Desktop\Epicode corso\CapstoneProject\epicode_capstone_project\backend\epicode.capstone\src\test\resources
2023-05-11 12:38:48,639 [Worker-52: Building] INFO  o.a.m.s.f.DefaultMavenResourcesFiltering - Copying 1 resource from src\main\resources to target\classes
2023-05-11 12:38:48,642 [Worker-52: Building] INFO  o.a.m.s.f.DefaultMavenResourcesFiltering - Copying 0 resource from src\main\resources to target\classes
2023-05-11 12:38:48,645 [Worker-52: Building] INFO  o.a.m.s.f.DefaultMavenResourcesFiltering - skip non existing resourceDirectory C:\Users\cloud\OneDrive\Desktop\Epicode corso\CapstoneProject\epicode_capstone_project\backend\epicode.capstone\src\test\resources
2023-05-11 12:38:56,905 [Worker-52: Building] INFO  o.a.m.s.f.DefaultMavenResourcesFiltering - Copying 1 resource from src\main\resources to target\classes
2023-05-11 12:38:56,908 [Worker-52: Building] INFO  o.a.m.s.f.DefaultMavenResourcesFiltering - Copying 0 resource from src\main\resources to target\classes
2023-05-11 12:38:56,911 [Worker-52: Building] INFO  o.a.m.s.f.DefaultMavenResourcesFiltering - skip non existing resourceDirectory C:\Users\cloud\OneDrive\Desktop\Epicode corso\CapstoneProject\epicode_capstone_project\backend\epicode.capstone\src\test\resources
2023-05-11 12:39:06,508 [Worker-56: Building] INFO  o.a.m.s.f.DefaultMavenResourcesFiltering - Copying 1 resource from src\main\resources to target\classes
2023-05-11 12:39:06,511 [Worker-56: Building] INFO  o.a.m.s.f.DefaultMavenResourcesFiltering - Copying 0 resource from src\main\resources to target\classes
2023-05-11 12:39:06,513 [Worker-56: Building] INFO  o.a.m.s.f.DefaultMavenResourcesFiltering - skip non existing resourceDirectory C:\Users\cloud\OneDrive\Desktop\Epicode corso\CapstoneProject\epicode_capstone_project\backend\epicode.capstone\src\test\resources
2023-05-11 12:39:22,551 [Worker-56: Building] INFO  o.a.m.s.f.DefaultMavenResourcesFiltering - Copying 1 resource from src\main\resources to target\classes
2023-05-11 12:39:22,553 [Worker-56: Building] INFO  o.a.m.s.f.DefaultMavenResourcesFiltering - Copying 0 resource from src\main\resources to target\classes
2023-05-11 12:39:22,555 [Worker-56: Building] INFO  o.a.m.s.f.DefaultMavenResourcesFiltering - skip non existing resourceDirectory C:\Users\cloud\OneDrive\Desktop\Epicode corso\CapstoneProject\epicode_capstone_project\backend\epicode.capstone\src\test\resources
2023-05-11 12:40:14,238 [Worker-52: Building] INFO  o.a.m.s.f.DefaultMavenResourcesFiltering - Copying 1 resource from src\main\resources to target\classes
2023-05-11 12:40:14,240 [Worker-52: Building] INFO  o.a.m.s.f.DefaultMavenResourcesFiltering - Copying 0 resource from src\main\resources to target\classes
2023-05-11 12:40:14,242 [Worker-52: Building] INFO  o.a.m.s.f.DefaultMavenResourcesFiltering - skip non existing resourceDirectory C:\Users\cloud\OneDrive\Desktop\Epicode corso\CapstoneProject\epicode_capstone_project\backend\epicode.capstone\src\test\resources
2023-05-11 12:40:16,792 [Worker-56: Building] INFO  o.a.m.s.f.DefaultMavenResourcesFiltering - Copying 1 resource from src\main\resources to target\classes
2023-05-11 12:40:16,795 [Worker-56: Building] INFO  o.a.m.s.f.DefaultMavenResourcesFiltering - Copying 0 resource from src\main\resources to target\classes
2023-05-11 12:40:16,797 [Worker-56: Building] INFO  o.a.m.s.f.DefaultMavenResourcesFiltering - skip non existing resourceDirectory C:\Users\cloud\OneDrive\Desktop\Epicode corso\CapstoneProject\epicode_capstone_project\backend\epicode.capstone\src\test\resources
2023-05-11 12:40:21,994 [Worker-56: Building] INFO  o.a.m.s.f.DefaultMavenResourcesFiltering - Copying 1 resource from src\main\resources to target\classes
2023-05-11 12:40:21,996 [Worker-56: Building] INFO  o.a.m.s.f.DefaultMavenResourcesFiltering - Copying 0 resource from src\main\resources to target\classes
2023-05-11 12:40:21,998 [Worker-56: Building] INFO  o.a.m.s.f.DefaultMavenResourcesFiltering - skip non existing resourceDirectory C:\Users\cloud\OneDrive\Desktop\Epicode corso\CapstoneProject\epicode_capstone_project\backend\epicode.capstone\src\test\resources
2023-05-11 12:41:08,019 [Worker-52: Building] INFO  o.a.m.s.f.DefaultMavenResourcesFiltering - Copying 1 resource from src\main\resources to target\classes
2023-05-11 12:41:08,021 [Worker-52: Building] INFO  o.a.m.s.f.DefaultMavenResourcesFiltering - Copying 0 resource from src\main\resources to target\classes
2023-05-11 12:41:08,022 [Worker-52: Building] INFO  o.a.m.s.f.DefaultMavenResourcesFiltering - skip non existing resourceDirectory C:\Users\cloud\OneDrive\Desktop\Epicode corso\CapstoneProject\epicode_capstone_project\backend\epicode.capstone\src\test\resources
2023-05-11 12:43:21,128 [Worker-59: Building] INFO  o.a.m.s.f.DefaultMavenResourcesFiltering - Copying 1 resource from src\main\resources to target\classes
2023-05-11 12:43:21,132 [Worker-59: Building] INFO  o.a.m.s.f.DefaultMavenResourcesFiltering - Copying 0 resource from src\main\resources to target\classes
2023-05-11 12:43:21,133 [Worker-59: Building] INFO  o.a.m.s.f.DefaultMavenResourcesFiltering - skip non existing resourceDirectory C:\Users\cloud\OneDrive\Desktop\Epicode corso\CapstoneProject\epicode_capstone_project\backend\epicode.capstone\src\test\resources
2023-05-11 12:45:21,845 [Worker-61: Building] INFO  o.a.m.s.f.DefaultMavenResourcesFiltering - Copying 1 resource from src\main\resources to target\classes
2023-05-11 12:45:21,850 [Worker-61: Building] INFO  o.a.m.s.f.DefaultMavenResourcesFiltering - Copying 0 resource from src\main\resources to target\classes
2023-05-11 12:45:21,852 [Worker-61: Building] INFO  o.a.m.s.f.DefaultMavenResourcesFiltering - skip non existing resourceDirectory C:\Users\cloud\OneDrive\Desktop\Epicode corso\CapstoneProject\epicode_capstone_project\backend\epicode.capstone\src\test\resources
2023-05-11 12:45:39,900 [Worker-63: Building] INFO  o.a.m.s.f.DefaultMavenResourcesFiltering - Copying 1 resource from src\main\resources to target\classes
2023-05-11 12:45:39,903 [Worker-63: Building] INFO  o.a.m.s.f.DefaultMavenResourcesFiltering - Copying 0 resource from src\main\resources to target\classes
2023-05-11 12:45:39,905 [Worker-63: Building] INFO  o.a.m.s.f.DefaultMavenResourcesFiltering - skip non existing resourceDirectory C:\Users\cloud\OneDrive\Desktop\Epicode corso\CapstoneProject\epicode_capstone_project\backend\epicode.capstone\src\test\resources
2023-05-11 12:46:13,963 [Worker-47: Building] INFO  o.a.m.s.f.DefaultMavenResourcesFiltering - Copying 1 resource from src\main\resources to target\classes
2023-05-11 12:46:13,966 [Worker-47: Building] INFO  o.a.m.s.f.DefaultMavenResourcesFiltering - Copying 0 resource from src\main\resources to target\classes
2023-05-11 12:46:13,968 [Worker-47: Building] INFO  o.a.m.s.f.DefaultMavenResourcesFiltering - skip non existing resourceDirectory C:\Users\cloud\OneDrive\Desktop\Epicode corso\CapstoneProject\epicode_capstone_project\backend\epicode.capstone\src\test\resources
2023-05-11 12:54:47,542 [Worker-64: Building] INFO  o.a.m.s.f.DefaultMavenResourcesFiltering - Copying 1 resource from src\main\resources to target\classes
2023-05-11 12:54:47,546 [Worker-64: Building] INFO  o.a.m.s.f.DefaultMavenResourcesFiltering - Copying 0 resource from src\main\resources to target\classes
2023-05-11 12:54:47,548 [Worker-64: Building] INFO  o.a.m.s.f.DefaultMavenResourcesFiltering - skip non existing resourceDirectory C:\Users\cloud\OneDrive\Desktop\Epicode corso\CapstoneProject\epicode_capstone_project\backend\epicode.capstone\src\test\resources
2023-05-11 12:54:54,892 [Worker-61: Building] INFO  o.a.m.s.f.DefaultMavenResourcesFiltering - Copying 1 resource from src\main\resources to target\classes
2023-05-11 12:54:54,895 [Worker-61: Building] INFO  o.a.m.s.f.DefaultMavenResourcesFiltering - Copying 0 resource from src\main\resources to target\classes
2023-05-11 12:54:54,897 [Worker-61: Building] INFO  o.a.m.s.f.DefaultMavenResourcesFiltering - skip non existing resourceDirectory C:\Users\cloud\OneDrive\Desktop\Epicode corso\CapstoneProject\epicode_capstone_project\backend\epicode.capstone\src\test\resources
2023-05-11 12:54:59,714 [Worker-62: Building] INFO  o.a.m.s.f.DefaultMavenResourcesFiltering - Copying 1 resource from src\main\resources to target\classes
2023-05-11 12:54:59,717 [Worker-62: Building] INFO  o.a.m.s.f.DefaultMavenResourcesFiltering - Copying 0 resource from src\main\resources to target\classes
2023-05-11 12:54:59,719 [Worker-62: Building] INFO  o.a.m.s.f.DefaultMavenResourcesFiltering - skip non existing resourceDirectory C:\Users\cloud\OneDrive\Desktop\Epicode corso\CapstoneProject\epicode_capstone_project\backend\epicode.capstone\src\test\resources
2023-05-11 12:55:44,385 [Worker-64: Building] INFO  o.a.m.s.f.DefaultMavenResourcesFiltering - Copying 1 resource from src\main\resources to target\classes
2023-05-11 12:55:44,388 [Worker-64: Building] INFO  o.a.m.s.f.DefaultMavenResourcesFiltering - Copying 0 resource from src\main\resources to target\classes
2023-05-11 12:55:44,390 [Worker-64: Building] INFO  o.a.m.s.f.DefaultMavenResourcesFiltering - skip non existing resourceDirectory C:\Users\cloud\OneDrive\Desktop\Epicode corso\CapstoneProject\epicode_capstone_project\backend\epicode.capstone\src\test\resources
2023-05-11 12:56:00,962 [Worker-64: Building] INFO  o.a.m.s.f.DefaultMavenResourcesFiltering - Copying 1 resource from src\main\resources to target\classes
2023-05-11 12:56:00,963 [Worker-64: Building] INFO  o.a.m.s.f.DefaultMavenResourcesFiltering - Copying 0 resource from src\main\resources to target\classes
2023-05-11 12:56:00,965 [Worker-64: Building] INFO  o.a.m.s.f.DefaultMavenResourcesFiltering - skip non existing resourceDirectory C:\Users\cloud\OneDrive\Desktop\Epicode corso\CapstoneProject\epicode_capstone_project\backend\epicode.capstone\src\test\resources
2023-05-11 12:57:02,209 [Worker-65: Building] INFO  o.a.m.s.f.DefaultMavenResourcesFiltering - Copying 1 resource from src\main\resources to target\classes
2023-05-11 12:57:02,211 [Worker-65: Building] INFO  o.a.m.s.f.DefaultMavenResourcesFiltering - Copying 0 resource from src\main\resources to target\classes
2023-05-11 12:57:02,213 [Worker-65: Building] INFO  o.a.m.s.f.DefaultMavenResourcesFiltering - skip non existing resourceDirectory C:\Users\cloud\OneDrive\Desktop\Epicode corso\CapstoneProject\epicode_capstone_project\backend\epicode.capstone\src\test\resources
2023-05-11 12:57:21,345 [Worker-66: Building] INFO  o.a.m.s.f.DefaultMavenResourcesFiltering - Copying 1 resource from src\main\resources to target\classes
2023-05-11 12:57:21,347 [Worker-66: Building] INFO  o.a.m.s.f.DefaultMavenResourcesFiltering - Copying 0 resource from src\main\resources to target\classes
2023-05-11 12:57:21,349 [Worker-66: Building] INFO  o.a.m.s.f.DefaultMavenResourcesFiltering - skip non existing resourceDirectory C:\Users\cloud\OneDrive\Desktop\Epicode corso\CapstoneProject\epicode_capstone_project\backend\epicode.capstone\src\test\resources
2023-05-11 12:57:38,154 [Worker-61: Building] INFO  o.a.m.s.f.DefaultMavenResourcesFiltering - Copying 1 resource from src\main\resources to target\classes
2023-05-11 12:57:38,157 [Worker-61: Building] INFO  o.a.m.s.f.DefaultMavenResourcesFiltering - Copying 0 resource from src\main\resources to target\classes
2023-05-11 12:57:38,159 [Worker-61: Building] INFO  o.a.m.s.f.DefaultMavenResourcesFiltering - skip non existing resourceDirectory C:\Users\cloud\OneDrive\Desktop\Epicode corso\CapstoneProject\epicode_capstone_project\backend\epicode.capstone\src\test\resources
2023-05-11 12:57:39,186 [Worker-61: Building] INFO  o.a.m.s.f.DefaultMavenResourcesFiltering - Copying 1 resource from src\main\resources to target\classes
2023-05-11 12:57:39,189 [Worker-61: Building] INFO  o.a.m.s.f.DefaultMavenResourcesFiltering - Copying 0 resource from src\main\resources to target\classes
2023-05-11 12:57:39,191 [Worker-61: Building] INFO  o.a.m.s.f.DefaultMavenResourcesFiltering - skip non existing resourceDirectory C:\Users\cloud\OneDrive\Desktop\Epicode corso\CapstoneProject\epicode_capstone_project\backend\epicode.capstone\src\test\resources
2023-05-11 12:57:41,027 [Worker-62: Building] INFO  o.a.m.s.f.DefaultMavenResourcesFiltering - Copying 1 resource from src\main\resources to target\classes
2023-05-11 12:57:41,030 [Worker-62: Building] INFO  o.a.m.s.f.DefaultMavenResourcesFiltering - Copying 0 resource from src\main\resources to target\classes
2023-05-11 12:57:41,033 [Worker-62: Building] INFO  o.a.m.s.f.DefaultMavenResourcesFiltering - skip non existing resourceDirectory C:\Users\cloud\OneDrive\Desktop\Epicode corso\CapstoneProject\epicode_capstone_project\backend\epicode.capstone\src\test\resources
2023-05-11 12:58:04,095 [Worker-62: Building] INFO  o.a.m.s.f.DefaultMavenResourcesFiltering - Copying 1 resource from src\main\resources to target\classes
2023-05-11 12:58:04,097 [Worker-62: Building] INFO  o.a.m.s.f.DefaultMavenResourcesFiltering - Copying 0 resource from src\main\resources to target\classes
2023-05-11 12:58:04,099 [Worker-62: Building] INFO  o.a.m.s.f.DefaultMavenResourcesFiltering - skip non existing resourceDirectory C:\Users\cloud\OneDrive\Desktop\Epicode corso\CapstoneProject\epicode_capstone_project\backend\epicode.capstone\src\test\resources
2023-05-11 12:58:05,259 [Worker-61: Building] INFO  o.a.m.s.f.DefaultMavenResourcesFiltering - Copying 1 resource from src\main\resources to target\classes
2023-05-11 12:58:05,262 [Worker-61: Building] INFO  o.a.m.s.f.DefaultMavenResourcesFiltering - Copying 0 resource from src\main\resources to target\classes
2023-05-11 12:58:05,263 [Worker-61: Building] INFO  o.a.m.s.f.DefaultMavenResourcesFiltering - skip non existing resourceDirectory C:\Users\cloud\OneDrive\Desktop\Epicode corso\CapstoneProject\epicode_capstone_project\backend\epicode.capstone\src\test\resources
2023-05-11 12:59:07,465 [Worker-64: Building] INFO  o.a.m.s.f.DefaultMavenResourcesFiltering - Copying 1 resource from src\main\resources to target\classes
2023-05-11 12:59:07,468 [Worker-64: Building] INFO  o.a.m.s.f.DefaultMavenResourcesFiltering - Copying 0 resource from src\main\resources to target\classes
2023-05-11 12:59:07,470 [Worker-64: Building] INFO  o.a.m.s.f.DefaultMavenResourcesFiltering - skip non existing resourceDirectory C:\Users\cloud\OneDrive\Desktop\Epicode corso\CapstoneProject\epicode_capstone_project\backend\epicode.capstone\src\test\resources
2023-05-11 12:59:22,292 [Worker-66: Building] INFO  o.a.m.s.f.DefaultMavenResourcesFiltering - Copying 1 resource from src\main\resources to target\classes
2023-05-11 12:59:22,295 [Worker-66: Building] INFO  o.a.m.s.f.DefaultMavenResourcesFiltering - Copying 0 resource from src\main\resources to target\classes
2023-05-11 12:59:22,297 [Worker-66: Building] INFO  o.a.m.s.f.DefaultMavenResourcesFiltering - skip non existing resourceDirectory C:\Users\cloud\OneDrive\Desktop\Epicode corso\CapstoneProject\epicode_capstone_project\backend\epicode.capstone\src\test\resources
2023-05-11 12:59:38,931 [Worker-62: Building] INFO  o.a.m.s.f.DefaultMavenResourcesFiltering - Copying 1 resource from src\main\resources to target\classes
2023-05-11 12:59:38,933 [Worker-62: Building] INFO  o.a.m.s.f.DefaultMavenResourcesFiltering - Copying 0 resource from src\main\resources to target\classes
2023-05-11 12:59:38,935 [Worker-62: Building] INFO  o.a.m.s.f.DefaultMavenResourcesFiltering - skip non existing resourceDirectory C:\Users\cloud\OneDrive\Desktop\Epicode corso\CapstoneProject\epicode_capstone_project\backend\epicode.capstone\src\test\resources
2023-05-11 12:59:42,098 [Worker-67: Building] INFO  o.a.m.s.f.DefaultMavenResourcesFiltering - Copying 1 resource from src\main\resources to target\classes
2023-05-11 12:59:42,100 [Worker-67: Building] INFO  o.a.m.s.f.DefaultMavenResourcesFiltering - Copying 0 resource from src\main\resources to target\classes
2023-05-11 12:59:42,102 [Worker-67: Building] INFO  o.a.m.s.f.DefaultMavenResourcesFiltering - skip non existing resourceDirectory C:\Users\cloud\OneDrive\Desktop\Epicode corso\CapstoneProject\epicode_capstone_project\backend\epicode.capstone\src\test\resources
2023-05-11 13:00:08,038 [Worker-64: Building] INFO  o.a.m.s.f.DefaultMavenResourcesFiltering - Copying 1 resource from src\main\resources to target\classes
2023-05-11 13:00:08,041 [Worker-64: Building] INFO  o.a.m.s.f.DefaultMavenResourcesFiltering - Copying 0 resource from src\main\resources to target\classes
2023-05-11 13:00:08,043 [Worker-64: Building] INFO  o.a.m.s.f.DefaultMavenResourcesFiltering - skip non existing resourceDirectory C:\Users\cloud\OneDrive\Desktop\Epicode corso\CapstoneProject\epicode_capstone_project\backend\epicode.capstone\src\test\resources
2023-05-11 13:00:09,122 [Worker-67: Building] INFO  o.a.m.s.f.DefaultMavenResourcesFiltering - Copying 1 resource from src\main\resources to target\classes
2023-05-11 13:00:09,124 [Worker-67: Building] INFO  o.a.m.s.f.DefaultMavenResourcesFiltering - Copying 0 resource from src\main\resources to target\classes
2023-05-11 13:00:09,126 [Worker-67: Building] INFO  o.a.m.s.f.DefaultMavenResourcesFiltering - skip non existing resourceDirectory C:\Users\cloud\OneDrive\Desktop\Epicode corso\CapstoneProject\epicode_capstone_project\backend\epicode.capstone\src\test\resources
2023-05-11 13:00:29,318 [Worker-62: Building] INFO  o.a.m.s.f.DefaultMavenResourcesFiltering - Copying 1 resource from src\main\resources to target\classes
2023-05-11 13:00:29,320 [Worker-62: Building] INFO  o.a.m.s.f.DefaultMavenResourcesFiltering - Copying 0 resource from src\main\resources to target\classes
2023-05-11 13:00:29,323 [Worker-62: Building] INFO  o.a.m.s.f.DefaultMavenResourcesFiltering - skip non existing resourceDirectory C:\Users\cloud\OneDrive\Desktop\Epicode corso\CapstoneProject\epicode_capstone_project\backend\epicode.capstone\src\test\resources
2023-05-11 13:01:32,571 [Worker-65: Building] INFO  o.a.m.s.f.DefaultMavenResourcesFiltering - Copying 1 resource from src\main\resources to target\classes
2023-05-11 13:01:32,574 [Worker-65: Building] INFO  o.a.m.s.f.DefaultMavenResourcesFiltering - Copying 0 resource from src\main\resources to target\classes
2023-05-11 13:01:32,576 [Worker-65: Building] INFO  o.a.m.s.f.DefaultMavenResourcesFiltering - skip non existing resourceDirectory C:\Users\cloud\OneDrive\Desktop\Epicode corso\CapstoneProject\epicode_capstone_project\backend\epicode.capstone\src\test\resources
2023-05-11 13:01:41,142 [Worker-62: Building] INFO  o.a.m.s.f.DefaultMavenResourcesFiltering - Copying 1 resource from src\main\resources to target\classes
2023-05-11 13:01:41,145 [Worker-62: Building] INFO  o.a.m.s.f.DefaultMavenResourcesFiltering - Copying 0 resource from src\main\resources to target\classes
2023-05-11 13:01:41,147 [Worker-62: Building] INFO  o.a.m.s.f.DefaultMavenResourcesFiltering - skip non existing resourceDirectory C:\Users\cloud\OneDrive\Desktop\Epicode corso\CapstoneProject\epicode_capstone_project\backend\epicode.capstone\src\test\resources
2023-05-11 13:02:26,253 [Worker-67: Building] INFO  o.a.m.s.f.DefaultMavenResourcesFiltering - Copying 1 resource from src\main\resources to target\classes
2023-05-11 13:02:26,256 [Worker-67: Building] INFO  o.a.m.s.f.DefaultMavenResourcesFiltering - Copying 0 resource from src\main\resources to target\classes
2023-05-11 13:02:26,258 [Worker-67: Building] INFO  o.a.m.s.f.DefaultMavenResourcesFiltering - skip non existing resourceDirectory C:\Users\cloud\OneDrive\Desktop\Epicode corso\CapstoneProject\epicode_capstone_project\backend\epicode.capstone\src\test\resources
2023-05-11 13:02:28,392 [Worker-67: Building] INFO  o.a.m.s.f.DefaultMavenResourcesFiltering - Copying 1 resource from src\main\resources to target\classes
2023-05-11 13:02:28,394 [Worker-67: Building] INFO  o.a.m.s.f.DefaultMavenResourcesFiltering - Copying 0 resource from src\main\resources to target\classes
2023-05-11 13:02:28,396 [Worker-67: Building] INFO  o.a.m.s.f.DefaultMavenResourcesFiltering - skip non existing resourceDirectory C:\Users\cloud\OneDrive\Desktop\Epicode corso\CapstoneProject\epicode_capstone_project\backend\epicode.capstone\src\test\resources
2023-05-11 13:02:30,655 [Worker-67: Building] INFO  o.a.m.s.f.DefaultMavenResourcesFiltering - Copying 1 resource from src\main\resources to target\classes
2023-05-11 13:02:30,658 [Worker-67: Building] INFO  o.a.m.s.f.DefaultMavenResourcesFiltering - Copying 0 resource from src\main\resources to target\classes
2023-05-11 13:02:30,660 [Worker-67: Building] INFO  o.a.m.s.f.DefaultMavenResourcesFiltering - skip non existing resourceDirectory C:\Users\cloud\OneDrive\Desktop\Epicode corso\CapstoneProject\epicode_capstone_project\backend\epicode.capstone\src\test\resources
2023-05-11 13:02:34,934 [Worker-67: Building] INFO  o.a.m.s.f.DefaultMavenResourcesFiltering - Copying 1 resource from src\main\resources to target\classes
2023-05-11 13:02:34,936 [Worker-67: Building] INFO  o.a.m.s.f.DefaultMavenResourcesFiltering - Copying 0 resource from src\main\resources to target\classes
2023-05-11 13:02:34,939 [Worker-67: Building] INFO  o.a.m.s.f.DefaultMavenResourcesFiltering - skip non existing resourceDirectory C:\Users\cloud\OneDrive\Desktop\Epicode corso\CapstoneProject\epicode_capstone_project\backend\epicode.capstone\src\test\resources
2023-05-11 13:02:39,713 [Worker-61: Building] INFO  o.a.m.s.f.DefaultMavenResourcesFiltering - Copying 1 resource from src\main\resources to target\classes
2023-05-11 13:02:39,717 [Worker-61: Building] INFO  o.a.m.s.f.DefaultMavenResourcesFiltering - Copying 0 resource from src\main\resources to target\classes
2023-05-11 13:02:39,719 [Worker-61: Building] INFO  o.a.m.s.f.DefaultMavenResourcesFiltering - skip non existing resourceDirectory C:\Users\cloud\OneDrive\Desktop\Epicode corso\CapstoneProject\epicode_capstone_project\backend\epicode.capstone\src\test\resources
2023-05-11 13:02:44,256 [Worker-67: Building] INFO  o.a.m.s.f.DefaultMavenResourcesFiltering - Copying 1 resource from src\main\resources to target\classes
2023-05-11 13:02:44,259 [Worker-67: Building] INFO  o.a.m.s.f.DefaultMavenResourcesFiltering - Copying 0 resource from src\main\resources to target\classes
2023-05-11 13:02:44,261 [Worker-67: Building] INFO  o.a.m.s.f.DefaultMavenResourcesFiltering - skip non existing resourceDirectory C:\Users\cloud\OneDrive\Desktop\Epicode corso\CapstoneProject\epicode_capstone_project\backend\epicode.capstone\src\test\resources
2023-05-11 13:02:50,412 [Worker-64: Building] INFO  o.a.m.s.f.DefaultMavenResourcesFiltering - Copying 1 resource from src\main\resources to target\classes
2023-05-11 13:02:50,415 [Worker-64: Building] INFO  o.a.m.s.f.DefaultMavenResourcesFiltering - Copying 0 resource from src\main\resources to target\classes
2023-05-11 13:02:50,416 [Worker-64: Building] INFO  o.a.m.s.f.DefaultMavenResourcesFiltering - skip non existing resourceDirectory C:\Users\cloud\OneDrive\Desktop\Epicode corso\CapstoneProject\epicode_capstone_project\backend\epicode.capstone\src\test\resources
2023-05-11 13:03:20,958 [Worker-64: Building] INFO  o.a.m.s.f.DefaultMavenResourcesFiltering - Copying 1 resource from src\main\resources to target\classes
2023-05-11 13:03:20,962 [Worker-64: Building] INFO  o.a.m.s.f.DefaultMavenResourcesFiltering - Copying 0 resource from src\main\resources to target\classes
2023-05-11 13:03:20,964 [Worker-64: Building] INFO  o.a.m.s.f.DefaultMavenResourcesFiltering - skip non existing resourceDirectory C:\Users\cloud\OneDrive\Desktop\Epicode corso\CapstoneProject\epicode_capstone_project\backend\epicode.capstone\src\test\resources
2023-05-11 13:03:53,834 [Worker-62: Building] INFO  o.a.m.s.f.DefaultMavenResourcesFiltering - Copying 1 resource from src\main\resources to target\classes
2023-05-11 13:03:53,838 [Worker-62: Building] INFO  o.a.m.s.f.DefaultMavenResourcesFiltering - Copying 0 resource from src\main\resources to target\classes
2023-05-11 13:03:53,841 [Worker-62: Building] INFO  o.a.m.s.f.DefaultMavenResourcesFiltering - skip non existing resourceDirectory C:\Users\cloud\OneDrive\Desktop\Epicode corso\CapstoneProject\epicode_capstone_project\backend\epicode.capstone\src\test\resources
2023-05-11 13:04:00,790 [Worker-66: Building] INFO  o.a.m.s.f.DefaultMavenResourcesFiltering - Copying 1 resource from src\main\resources to target\classes
2023-05-11 13:04:00,792 [Worker-66: Building] INFO  o.a.m.s.f.DefaultMavenResourcesFiltering - Copying 0 resource from src\main\resources to target\classes
2023-05-11 13:04:00,794 [Worker-66: Building] INFO  o.a.m.s.f.DefaultMavenResourcesFiltering - skip non existing resourceDirectory C:\Users\cloud\OneDrive\Desktop\Epicode corso\CapstoneProject\epicode_capstone_project\backend\epicode.capstone\src\test\resources
2023-05-11 13:04:15,536 [Worker-61: Building] INFO  o.a.m.s.f.DefaultMavenResourcesFiltering - Copying 1 resource from src\main\resources to target\classes
2023-05-11 13:04:15,542 [Worker-61: Building] INFO  o.a.m.s.f.DefaultMavenResourcesFiltering - Copying 0 resource from src\main\resources to target\classes
2023-05-11 13:04:15,545 [Worker-61: Building] INFO  o.a.m.s.f.DefaultMavenResourcesFiltering - skip non existing resourceDirectory C:\Users\cloud\OneDrive\Desktop\Epicode corso\CapstoneProject\epicode_capstone_project\backend\epicode.capstone\src\test\resources
2023-05-11 13:04:17,767 [Worker-67: Building] INFO  o.a.m.s.f.DefaultMavenResourcesFiltering - Copying 1 resource from src\main\resources to target\classes
2023-05-11 13:04:17,770 [Worker-67: Building] INFO  o.a.m.s.f.DefaultMavenResourcesFiltering - Copying 0 resource from src\main\resources to target\classes
2023-05-11 13:04:17,773 [Worker-67: Building] INFO  o.a.m.s.f.DefaultMavenResourcesFiltering - skip non existing resourceDirectory C:\Users\cloud\OneDrive\Desktop\Epicode corso\CapstoneProject\epicode_capstone_project\backend\epicode.capstone\src\test\resources
2023-05-11 13:04:25,258 [Worker-61: Building] INFO  o.a.m.s.f.DefaultMavenResourcesFiltering - Copying 1 resource from src\main\resources to target\classes
2023-05-11 13:04:25,260 [Worker-61: Building] INFO  o.a.m.s.f.DefaultMavenResourcesFiltering - Copying 0 resource from src\main\resources to target\classes
2023-05-11 13:04:25,264 [Worker-61: Building] INFO  o.a.m.s.f.DefaultMavenResourcesFiltering - skip non existing resourceDirectory C:\Users\cloud\OneDrive\Desktop\Epicode corso\CapstoneProject\epicode_capstone_project\backend\epicode.capstone\src\test\resources
2023-05-11 13:04:29,353 [Worker-62: Building] INFO  o.a.m.s.f.DefaultMavenResourcesFiltering - Copying 1 resource from src\main\resources to target\classes
2023-05-11 13:04:29,355 [Worker-62: Building] INFO  o.a.m.s.f.DefaultMavenResourcesFiltering - Copying 0 resource from src\main\resources to target\classes
2023-05-11 13:04:29,357 [Worker-62: Building] INFO  o.a.m.s.f.DefaultMavenResourcesFiltering - skip non existing resourceDirectory C:\Users\cloud\OneDrive\Desktop\Epicode corso\CapstoneProject\epicode_capstone_project\backend\epicode.capstone\src\test\resources
2023-05-11 13:04:36,720 [Worker-62: Building] INFO  o.a.m.s.f.DefaultMavenResourcesFiltering - Copying 1 resource from src\main\resources to target\classes
2023-05-11 13:04:36,722 [Worker-62: Building] INFO  o.a.m.s.f.DefaultMavenResourcesFiltering - Copying 0 resource from src\main\resources to target\classes
2023-05-11 13:04:36,724 [Worker-62: Building] INFO  o.a.m.s.f.DefaultMavenResourcesFiltering - skip non existing resourceDirectory C:\Users\cloud\OneDrive\Desktop\Epicode corso\CapstoneProject\epicode_capstone_project\backend\epicode.capstone\src\test\resources
2023-05-11 13:04:44,703 [Worker-65: Building] INFO  o.a.m.s.f.DefaultMavenResourcesFiltering - Copying 1 resource from src\main\resources to target\classes
2023-05-11 13:04:44,706 [Worker-65: Building] INFO  o.a.m.s.f.DefaultMavenResourcesFiltering - Copying 0 resource from src\main\resources to target\classes
2023-05-11 13:04:44,708 [Worker-65: Building] INFO  o.a.m.s.f.DefaultMavenResourcesFiltering - skip non existing resourceDirectory C:\Users\cloud\OneDrive\Desktop\Epicode corso\CapstoneProject\epicode_capstone_project\backend\epicode.capstone\src\test\resources
2023-05-11 13:04:56,380 [Worker-65: Building] INFO  o.a.m.s.f.DefaultMavenResourcesFiltering - Copying 1 resource from src\main\resources to target\classes
2023-05-11 13:04:56,384 [Worker-65: Building] INFO  o.a.m.s.f.DefaultMavenResourcesFiltering - Copying 0 resource from src\main\resources to target\classes
2023-05-11 13:04:56,388 [Worker-65: Building] INFO  o.a.m.s.f.DefaultMavenResourcesFiltering - skip non existing resourceDirectory C:\Users\cloud\OneDrive\Desktop\Epicode corso\CapstoneProject\epicode_capstone_project\backend\epicode.capstone\src\test\resources
2023-05-11 13:05:01,172 [Worker-65: Building] INFO  o.a.m.s.f.DefaultMavenResourcesFiltering - Copying 1 resource from src\main\resources to target\classes
2023-05-11 13:05:01,175 [Worker-65: Building] INFO  o.a.m.s.f.DefaultMavenResourcesFiltering - Copying 0 resource from src\main\resources to target\classes
2023-05-11 13:05:01,177 [Worker-65: Building] INFO  o.a.m.s.f.DefaultMavenResourcesFiltering - skip non existing resourceDirectory C:\Users\cloud\OneDrive\Desktop\Epicode corso\CapstoneProject\epicode_capstone_project\backend\epicode.capstone\src\test\resources
2023-05-11 13:05:04,980 [Worker-66: Building] INFO  o.a.m.s.f.DefaultMavenResourcesFiltering - Copying 1 resource from src\main\resources to target\classes
2023-05-11 13:05:04,983 [Worker-66: Building] INFO  o.a.m.s.f.DefaultMavenResourcesFiltering - Copying 0 resource from src\main\resources to target\classes
2023-05-11 13:05:04,985 [Worker-66: Building] INFO  o.a.m.s.f.DefaultMavenResourcesFiltering - skip non existing resourceDirectory C:\Users\cloud\OneDrive\Desktop\Epicode corso\CapstoneProject\epicode_capstone_project\backend\epicode.capstone\src\test\resources
2023-05-11 13:05:19,922 [Worker-66: Building] INFO  o.a.m.s.f.DefaultMavenResourcesFiltering - Copying 1 resource from src\main\resources to target\classes
2023-05-11 13:05:19,926 [Worker-66: Building] INFO  o.a.m.s.f.DefaultMavenResourcesFiltering - Copying 0 resource from src\main\resources to target\classes
2023-05-11 13:05:19,928 [Worker-66: Building] INFO  o.a.m.s.f.DefaultMavenResourcesFiltering - skip non existing resourceDirectory C:\Users\cloud\OneDrive\Desktop\Epicode corso\CapstoneProject\epicode_capstone_project\backend\epicode.capstone\src\test\resources
2023-05-11 13:05:23,777 [Worker-61: Building] INFO  o.a.m.s.f.DefaultMavenResourcesFiltering - Copying 1 resource from src\main\resources to target\classes
2023-05-11 13:05:23,780 [Worker-61: Building] INFO  o.a.m.s.f.DefaultMavenResourcesFiltering - Copying 0 resource from src\main\resources to target\classes
2023-05-11 13:05:23,783 [Worker-61: Building] INFO  o.a.m.s.f.DefaultMavenResourcesFiltering - skip non existing resourceDirectory C:\Users\cloud\OneDrive\Desktop\Epicode corso\CapstoneProject\epicode_capstone_project\backend\epicode.capstone\src\test\resources
2023-05-11 13:05:30,903 [Worker-66: Building] INFO  o.a.m.s.f.DefaultMavenResourcesFiltering - Copying 1 resource from src\main\resources to target\classes
2023-05-11 13:05:30,909 [Worker-66: Building] INFO  o.a.m.s.f.DefaultMavenResourcesFiltering - Copying 0 resource from src\main\resources to target\classes
2023-05-11 13:05:30,912 [Worker-66: Building] INFO  o.a.m.s.f.DefaultMavenResourcesFiltering - skip non existing resourceDirectory C:\Users\cloud\OneDrive\Desktop\Epicode corso\CapstoneProject\epicode_capstone_project\backend\epicode.capstone\src\test\resources
2023-05-11 13:05:34,657 [Worker-67: Building] INFO  o.a.m.s.f.DefaultMavenResourcesFiltering - Copying 1 resource from src\main\resources to target\classes
2023-05-11 13:05:34,659 [Worker-67: Building] INFO  o.a.m.s.f.DefaultMavenResourcesFiltering - Copying 0 resource from src\main\resources to target\classes
2023-05-11 13:05:34,661 [Worker-67: Building] INFO  o.a.m.s.f.DefaultMavenResourcesFiltering - skip non existing resourceDirectory C:\Users\cloud\OneDrive\Desktop\Epicode corso\CapstoneProject\epicode_capstone_project\backend\epicode.capstone\src\test\resources
2023-05-11 13:05:41,784 [Worker-66: Building] INFO  o.a.m.s.f.DefaultMavenResourcesFiltering - Copying 1 resource from src\main\resources to target\classes
2023-05-11 13:05:41,786 [Worker-66: Building] INFO  o.a.m.s.f.DefaultMavenResourcesFiltering - Copying 0 resource from src\main\resources to target\classes
2023-05-11 13:05:41,788 [Worker-66: Building] INFO  o.a.m.s.f.DefaultMavenResourcesFiltering - skip non existing resourceDirectory C:\Users\cloud\OneDrive\Desktop\Epicode corso\CapstoneProject\epicode_capstone_project\backend\epicode.capstone\src\test\resources
2023-05-11 13:05:54,041 [Worker-64: Building] INFO  o.a.m.s.f.DefaultMavenResourcesFiltering - Copying 1 resource from src\main\resources to target\classes
2023-05-11 13:05:54,043 [Worker-64: Building] INFO  o.a.m.s.f.DefaultMavenResourcesFiltering - Copying 0 resource from src\main\resources to target\classes
2023-05-11 13:05:54,045 [Worker-64: Building] INFO  o.a.m.s.f.DefaultMavenResourcesFiltering - skip non existing resourceDirectory C:\Users\cloud\OneDrive\Desktop\Epicode corso\CapstoneProject\epicode_capstone_project\backend\epicode.capstone\src\test\resources
2023-05-11 13:05:57,070 [Worker-64: Building] INFO  o.a.m.s.f.DefaultMavenResourcesFiltering - Copying 1 resource from src\main\resources to target\classes
2023-05-11 13:05:57,074 [Worker-64: Building] INFO  o.a.m.s.f.DefaultMavenResourcesFiltering - Copying 0 resource from src\main\resources to target\classes
2023-05-11 13:05:57,076 [Worker-64: Building] INFO  o.a.m.s.f.DefaultMavenResourcesFiltering - skip non existing resourceDirectory C:\Users\cloud\OneDrive\Desktop\Epicode corso\CapstoneProject\epicode_capstone_project\backend\epicode.capstone\src\test\resources
2023-05-11 13:06:08,593 [Worker-67: Building] INFO  o.a.m.s.f.DefaultMavenResourcesFiltering - Copying 1 resource from src\main\resources to target\classes
2023-05-11 13:06:08,597 [Worker-67: Building] INFO  o.a.m.s.f.DefaultMavenResourcesFiltering - Copying 0 resource from src\main\resources to target\classes
2023-05-11 13:06:08,599 [Worker-67: Building] INFO  o.a.m.s.f.DefaultMavenResourcesFiltering - skip non existing resourceDirectory C:\Users\cloud\OneDrive\Desktop\Epicode corso\CapstoneProject\epicode_capstone_project\backend\epicode.capstone\src\test\resources
2023-05-11 13:53:30,432 [Worker-69: Building] INFO  o.a.m.s.f.DefaultMavenResourcesFiltering - Copying 1 resource from src\main\resources to target\classes
2023-05-11 13:53:30,442 [Worker-69: Building] INFO  o.a.m.s.f.DefaultMavenResourcesFiltering - Copying 0 resource from src\main\resources to target\classes
2023-05-11 13:53:30,444 [Worker-69: Building] INFO  o.a.m.s.f.DefaultMavenResourcesFiltering - skip non existing resourceDirectory C:\Users\cloud\OneDrive\Desktop\Epicode corso\CapstoneProject\epicode_capstone_project\backend\epicode.capstone\src\test\resources
2023-05-11 13:57:55,426 [Worker-71: Building] INFO  o.a.m.s.f.DefaultMavenResourcesFiltering - Copying 1 resource from src\main\resources to target\classes
2023-05-11 13:57:55,428 [Worker-71: Building] INFO  o.a.m.s.f.DefaultMavenResourcesFiltering - Copying 0 resource from src\main\resources to target\classes
2023-05-11 13:57:55,431 [Worker-71: Building] INFO  o.a.m.s.f.DefaultMavenResourcesFiltering - skip non existing resourceDirectory C:\Users\cloud\OneDrive\Desktop\Epicode corso\CapstoneProject\epicode_capstone_project\backend\epicode.capstone\src\test\resources
2023-05-11 15:07:24,034 [Worker-77: Building] INFO  o.a.m.s.f.DefaultMavenResourcesFiltering - Copying 1 resource from src\main\resources to target\classes
2023-05-11 15:07:24,080 [Worker-77: Building] INFO  o.a.m.s.f.DefaultMavenResourcesFiltering - Copying 0 resource from src\main\resources to target\classes
2023-05-11 15:07:24,083 [Worker-77: Building] INFO  o.a.m.s.f.DefaultMavenResourcesFiltering - skip non existing resourceDirectory C:\Users\cloud\OneDrive\Desktop\Epicode corso\CapstoneProject\epicode_capstone_project\backend\epicode.capstone\src\test\resources
2023-05-11 15:08:22,400 [Worker-68: Building] INFO  o.a.m.s.f.DefaultMavenResourcesFiltering - Copying 1 resource from src\main\resources to target\classes
2023-05-11 15:08:22,412 [Worker-68: Building] INFO  o.a.m.s.f.DefaultMavenResourcesFiltering - Copying 0 resource from src\main\resources to target\classes
2023-05-11 15:08:22,414 [Worker-68: Building] INFO  o.a.m.s.f.DefaultMavenResourcesFiltering - skip non existing resourceDirectory C:\Users\cloud\OneDrive\Desktop\Epicode corso\CapstoneProject\epicode_capstone_project\backend\epicode.capstone\src\test\resources
2023-05-11 18:25:47,244 [Worker-110: Building] INFO  o.a.m.s.f.DefaultMavenResourcesFiltering - Copying 1 resource from src\main\resources to target\classes
2023-05-11 18:25:47,300 [Worker-110: Building] INFO  o.a.m.s.f.DefaultMavenResourcesFiltering - Copying 0 resource from src\main\resources to target\classes
2023-05-11 18:25:47,303 [Worker-110: Building] INFO  o.a.m.s.f.DefaultMavenResourcesFiltering - skip non existing resourceDirectory C:\Users\cloud\OneDrive\Desktop\Epicode corso\CapstoneProject\epicode_capstone_project\backend\epicode.capstone\src\test\resources
